[streamcloud.eu] awj41hqtpklv: Downloading webpage
[streamcloud.eu] awj41hqtpklv: Waiting for 12 seconds
[streamcloud.eu] awj41hqtpklv: Downloading video page ...
[info] Writing video description metadata as JSON to: itg-simpsons-s25e11-awj41hqtpklv.info.json
[download] Destination: itg-simpsons-s25e11-awj41hqtpklv.mp4
[download]   0.0% of 58.62MiB at Unknown speed ETA Unknown ETA
[download]   0.0% of 58.62MiB at 971.20KiB/s ETA 01:02
[download]   0.0% of 58.62MiB at  1.62MiB/s ETA 00:36
[download]   0.0% of 58.62MiB at 70.96KiB/s ETA 14:05
[download]   0.1% of 58.62MiB at 146.45KiB/s ETA 06:49
[download]   0.1% of 58.62MiB at 189.38KiB/s ETA 05:16
[download]   0.2% of 58.62MiB at 194.17KiB/s ETA 05:08
[download]   0.4% of 58.62MiB at 227.76KiB/s ETA 04:22
[download]   0.9% of 58.62MiB at 194.19KiB/s ETA 05:06
[download]   1.1% of 58.62MiB at 205.40KiB/s ETA 04:48
[download]   1.5% of 58.62MiB at 212.53KiB/s ETA 04:38
[download]   1.9% of 58.62MiB at 231.37KiB/s ETA 04:14
[download]   2.5% of 58.62MiB at 261.41KiB/s ETA 03:43
[download]   3.3% of 58.62MiB at 281.55KiB/s ETA 03:26
[download]   3.9% of 58.62MiB at 309.77KiB/s ETA 03:06
[download]   5.0% of 58.62MiB at 318.77KiB/s ETA 02:58
[download]   5.6% of 58.62MiB at 322.39KiB/s ETA 02:55
[download]   6.2% of 58.62MiB at 329.48KiB/s ETA 02:50
[download]   6.9% of 58.62MiB at 334.15KiB/s ETA 02:47
[download]   7.5% of 58.62MiB at 333.64KiB/s ETA 02:46
[download]   8.1% of 58.62MiB at 340.29KiB/s ETA 02:42
[download]   8.8% of 58.62MiB at 352.27KiB/s ETA 02:35
[download]   9.8% of 58.62MiB at 352.26KiB/s ETA 02:33
[download]  10.4% of 58.62MiB at 348.02KiB/s ETA 02:34
[download]  10.8% of 58.62MiB at 347.82KiB/s ETA 02:33
[download]  11.4% of 58.62MiB at 336.05KiB/s ETA 02:38
[download]  11.7% of 58.62MiB at 334.85KiB/s ETA 02:38
[download]  12.2% of 58.62MiB at 327.56KiB/s ETA 02:40
[download]  12.6% of 58.62MiB at 331.43KiB/s ETA 02:38
[download]  13.3% of 58.62MiB at 343.30KiB/s ETA 02:31
[download]  14.8% of 58.62MiB at 368.96KiB/s ETA 02:18
[download]  16.8% of 58.62MiB at 400.40KiB/s ETA 02:04
[download]  18.6% of 58.62MiB at 420.47KiB/s ETA 01:56
[download]  19.9% of 58.62MiB at 433.91KiB/s ETA 01:50
[download]  21.2% of 58.62MiB at 442.74KiB/s ETA 01:46
[download]  22.3% of 58.62MiB at 446.78KiB/s ETA 01:44
[download]  23.2% of 58.62MiB at 456.04KiB/s ETA 01:41
[download]  24.7% of 58.62MiB at 475.08KiB/s ETA 01:35
[download]  26.8% of 58.62MiB at 423.91KiB/s ETA 01:43
[download]  27.9% of 58.62MiB at 388.00KiB/s ETA 01:51
[download]  28.4% of 58.62MiB at 355.94KiB/s ETA 02:00
[download]  28.7% of 58.62MiB at 358.20KiB/s ETA 01:59
[download]  29.2% of 58.62MiB at 361.43KiB/s ETA 01:57
[download]  30.3% of 58.62MiB at 312.90KiB/s ETA 02:13
[download]  30.8% of 58.62MiB at 316.45KiB/s ETA 02:11
[download]  31.9% of 58.62MiB at 280.56KiB/s ETA 02:25
[download]  32.4% of 58.62MiB at 282.63KiB/s ETA 02:23
[download]  33.3% of 58.62MiB at 270.81KiB/s ETA 02:27
[download]  33.7% of 58.62MiB at 258.19KiB/s ETA 02:34
[download]  33.9% of 58.62MiB at 259.54KiB/s ETA 02:32
[download]  34.3% of 58.62MiB at 262.13KiB/s ETA 02:30
[download]  35.2% of 58.62MiB at 252.05KiB/s ETA 02:34
[download]  35.6% of 58.62MiB at 241.29KiB/s ETA 02:40
[download]  35.8% of 58.62MiB at 242.47KiB/s ETA 02:38
[download]  36.2% of 58.62MiB at 244.81KiB/s ETA 02:36
[download]  37.1% of 58.62MiB at 235.42KiB/s ETA 02:40
[download]  37.5% of 58.62MiB at 224.72KiB/s ETA 02:47
[download]  37.7% of 58.62MiB at 225.67KiB/s ETA 02:45
[download]  38.1% of 58.62MiB at 227.29KiB/s ETA 02:43
[download]  39.0% of 58.62MiB at 218.25KiB/s ETA 02:47
[download]  39.4% of 58.62MiB at 212.10KiB/s ETA 02:51
[download]  39.6% of 58.62MiB at 213.01KiB/s ETA 02:50
[download]  40.0% of 58.62MiB at 214.89KiB/s ETA 02:47
[download]  40.9% of 58.62MiB at 209.10KiB/s ETA 02:49
[download]  41.3% of 58.62MiB at 201.54KiB/s ETA 02:54
[download]  41.5% of 58.62MiB at 202.38KiB/s ETA 02:53
[download]  41.9% of 58.62MiB at 204.09KiB/s ETA 02:50
[download]  42.8% of 58.62MiB at 197.38KiB/s ETA 02:54
[download]  43.2% of 58.62MiB at 192.43KiB/s ETA 02:57
[download]  43.4% of 58.62MiB at 193.11KiB/s ETA 02:55
[download]  43.8% of 58.62MiB at 194.62KiB/s ETA 02:53
[download]  44.6% of 58.62MiB at 190.72KiB/s ETA 02:54
[download]  45.1% of 58.62MiB at 185.72KiB/s ETA 02:57
[download]  45.3% of 58.62MiB at 186.48KiB/s ETA 02:56
[download]  45.7% of 58.62MiB at 187.95KiB/s ETA 02:53
[download]  46.5% of 58.62MiB at 183.77KiB/s ETA 02:54
[download]  47.0% of 58.62MiB at 179.48KiB/s ETA 02:57
[download]  47.2% of 58.62MiB at 180.18KiB/s ETA 02:55
[download]  47.6% of 58.62MiB at 181.60KiB/s ETA 02:53
[download]  48.4% of 58.62MiB at 178.00KiB/s ETA 02:53
[download]  48.9% of 58.62MiB at 173.88KiB/s ETA 02:56
[download]  49.1% of 58.62MiB at 174.17KiB/s ETA 02:55
[download]  49.5% of 58.62MiB at 174.89KiB/s ETA 02:53
[download]  50.1% of 58.62MiB at 172.13KiB/s ETA 02:54
[download]  50.3% of 58.62MiB at 172.62KiB/s ETA 02:52
[download]  50.9% of 58.62MiB at 169.76KiB/s ETA 02:53
[download]  51.2% of 58.62MiB at 170.52KiB/s ETA 02:51
[download]  51.7% of 58.62MiB at 167.36KiB/s ETA 02:53
[download]  52.0% of 58.62MiB at 168.05KiB/s ETA 02:51
[download]  52.6% of 58.62MiB at 169.49KiB/s ETA 02:47
[download]  53.7% of 58.62MiB at 163.44KiB/s ETA 02:50
[download]  54.3% of 58.62MiB at 164.57KiB/s ETA 02:46
[download]  55.1% of 58.62MiB at 162.38KiB/s ETA 02:46
[download]  55.5% of 58.62MiB at 163.39KiB/s ETA 02:43
[download]  56.3% of 58.62MiB at 160.87KiB/s ETA 02:43
[download]  56.7% of 58.62MiB at 161.84KiB/s ETA 02:40
[download]  57.5% of 58.62MiB at 159.50KiB/s ETA 02:40
[download]  57.9% of 58.62MiB at 160.42KiB/s ETA 02:37
[download]  58.7% of 58.62MiB at 157.93KiB/s ETA 02:37
[download]  59.1% of 58.62MiB at 155.00KiB/s ETA 02:38
[download]  59.3% of 58.62MiB at 155.41KiB/s ETA 02:37
[download]  59.7% of 58.62MiB at 156.25KiB/s ETA 02:34
[download]  60.5% of 58.62MiB at 154.34KiB/s ETA 02:33
[download]  60.9% of 58.62MiB at 155.23KiB/s ETA 02:31
[download]  61.7% of 58.62MiB at 153.22KiB/s ETA 02:30
[download]  62.1% of 58.62MiB at 154.10KiB/s ETA 02:27
[download]  62.9% of 58.62MiB at 151.68KiB/s ETA 02:26
[download]  63.3% of 58.62MiB at 152.24KiB/s ETA 02:24
[download]  63.9% of 58.62MiB at 150.56KiB/s ETA 02:24
[download]  64.2% of 58.62MiB at 151.15KiB/s ETA 02:22
[download]  64.8% of 58.62MiB at 148.91KiB/s ETA 02:22
[download]  65.1% of 58.62MiB at 149.47KiB/s ETA 02:20
[download]  65.7% of 58.62MiB at 147.68KiB/s ETA 02:19
[download]  66.0% of 58.62MiB at 148.19KiB/s ETA 02:17
[download]  66.5% of 58.62MiB at 149.24KiB/s ETA 02:14
[download]  67.7% of 58.62MiB at 145.44KiB/s ETA 02:13
[download]  68.3% of 58.62MiB at 146.37KiB/s ETA 02:09
[download]  69.2% of 58.62MiB at 145.14KiB/s ETA 02:07
[download]  69.7% of 58.62MiB at 145.95KiB/s ETA 02:04
[download]  70.6% of 58.62MiB at 144.23KiB/s ETA 02:02
[download]  71.0% of 58.62MiB at 142.73KiB/s ETA 02:01
[download]  71.2% of 58.62MiB at 143.01KiB/s ETA 02:00
[download]  71.7% of 58.62MiB at 143.74KiB/s ETA 01:58
[download]  72.6% of 58.62MiB at 142.27KiB/s ETA 01:55
[download]  73.0% of 58.62MiB at 142.81KiB/s ETA 01:53
[download]  73.6% of 58.62MiB at 141.51KiB/s ETA 01:51
[download]  73.9% of 58.62MiB at 141.60KiB/s ETA 01:50
[download]  74.2% of 58.62MiB at 140.14KiB/s ETA 01:50
[download]  74.4% of 58.62MiB at 140.29KiB/s ETA 01:49
[download]  74.6% of 58.62MiB at 140.34KiB/s ETA 01:48
[download]  74.9% of 58.62MiB at 140.51KiB/s ETA 01:47
[download]  75.2% of 58.62MiB at 139.42KiB/s ETA 01:46
[download]  75.4% of 58.62MiB at 139.68KiB/s ETA 01:45
[download]  75.8% of 58.62MiB at 140.08KiB/s ETA 01:43
[download]  76.4% of 58.62MiB at 138.82KiB/s ETA 01:42
[download]  76.7% of 58.62MiB at 139.28KiB/s ETA 01:40
[download]  77.3% of 58.62MiB at 140.05KiB/s ETA 01:37
[download]  78.1% of 58.62MiB at 138.48KiB/s ETA 01:35
[download]  78.5% of 58.62MiB at 139.06KiB/s ETA 01:32
[download]  79.2% of 58.62MiB at 138.46KiB/s ETA 01:30
[download]  79.6% of 58.62MiB at 136.78KiB/s ETA 01:29
[download]  79.8% of 58.62MiB at 137.05KiB/s ETA 01:28
[download]  80.2% of 58.62MiB at 137.64KiB/s ETA 01:26
[download]  81.0% of 58.62MiB at 136.42KiB/s ETA 01:23
[download]  81.3% of 58.62MiB at 136.66KiB/s ETA 01:21
[download]  81.7% of 58.62MiB at 136.96KiB/s ETA 01:20
[download]  82.1% of 58.62MiB at 135.44KiB/s ETA 01:19
[download]  82.4% of 58.62MiB at 135.51KiB/s ETA 01:18
[download]  82.6% of 58.62MiB at 135.68KiB/s ETA 01:16
[download]  83.0% of 58.62MiB at 135.13KiB/s ETA 01:15
[download]  83.2% of 58.62MiB at 134.86KiB/s ETA 01:14
[download]  83.3% of 58.62MiB at 135.05KiB/s ETA 01:14
[download]  83.5% of 58.62MiB at 135.18KiB/s ETA 01:13
[download]  83.9% of 58.62MiB at 135.30KiB/s ETA 01:11
[download]  84.2% of 58.62MiB at 134.66KiB/s ETA 01:10
[download]  84.3% of 58.62MiB at 134.65KiB/s ETA 01:09
[download]  84.5% of 58.62MiB at 134.64KiB/s ETA 01:08
[download]  84.7% of 58.62MiB at 133.57KiB/s ETA 01:08
[download]  84.9% of 58.62MiB at 132.89KiB/s ETA 01:08
[download]  84.9% of 58.62MiB at 132.57KiB/s ETA 01:08
[download]  85.0% of 58.62MiB at 132.60KiB/s ETA 01:08
[download]  85.0% of 58.62MiB at 132.50KiB/s ETA 01:07
[download]  85.2% of 58.62MiB at 132.52KiB/s ETA 01:07
[download]  85.4% of 58.62MiB at 132.63KiB/s ETA 01:05
[download]  85.7% of 58.62MiB at 132.68KiB/s ETA 01:04
[download]  86.0% of 58.62MiB at 132.61KiB/s ETA 01:03
[download]  86.2% of 58.62MiB at 132.65KiB/s ETA 01:02
[download]  86.4% of 58.62MiB at 132.70KiB/s ETA 01:01
[download]  86.7% of 58.62MiB at 132.49KiB/s ETA 01:00
[download]  86.8% of 58.62MiB at 132.71KiB/s ETA 00:59
[download]  87.1% of 58.62MiB at 132.77KiB/s ETA 00:58
[download]  87.4% of 58.62MiB at 132.53KiB/s ETA 00:57
[download]  87.5% of 58.62MiB at 132.58KiB/s ETA 00:56
[download]  87.8% of 58.62MiB at 132.56KiB/s ETA 00:55
[download]  88.0% of 58.62MiB at 132.48KiB/s ETA 00:54
[download]  88.1% of 58.62MiB at 132.70KiB/s ETA 00:53
[download]  88.5% of 58.62MiB at 132.86KiB/s ETA 00:51
[download]  88.8% of 58.62MiB at 132.04KiB/s ETA 00:50
[download]  89.0% of 58.62MiB at 131.85KiB/s ETA 00:50
[download]  89.1% of 58.62MiB at 131.65KiB/s ETA 00:49
[download]  89.2% of 58.62MiB at 131.71KiB/s ETA 00:49
[download]  89.4% of 58.62MiB at 131.98KiB/s ETA 00:48
[download]  89.8% of 58.62MiB at 132.03KiB/s ETA 00:46
[download]  90.1% of 58.62MiB at 131.71KiB/s ETA 00:45
[download]  90.2% of 58.62MiB at 131.67KiB/s ETA 00:44
[download]  90.3% of 58.62MiB at 131.38KiB/s ETA 00:44
[download]  90.5% of 58.62MiB at 131.53KiB/s ETA 00:43
[download]  90.7% of 58.62MiB at 131.13KiB/s ETA 00:42
[download]  90.8% of 58.62MiB at 130.78KiB/s ETA 00:42
[download]  90.8% of 58.62MiB at 130.71KiB/s ETA 00:42
[download]  91.0% of 58.62MiB at 130.42KiB/s ETA 00:41
[download]  91.0% of 58.62MiB at 130.21KiB/s ETA 00:41
[download]  91.1% of 58.62MiB at 130.21KiB/s ETA 00:40
[download]  91.3% of 58.62MiB at 130.26KiB/s ETA 00:40
[download]  91.5% of 58.62MiB at 130.33KiB/s ETA 00:38
[download]  91.8% of 58.62MiB at 130.49KiB/s ETA 00:37
[download]  92.2% of 58.62MiB at 130.63KiB/s ETA 00:35
[download]  92.5% of 58.62MiB at 130.56KiB/s ETA 00:34
[download]  92.7% of 58.62MiB at 130.48KiB/s ETA 00:33
[download]  92.8% of 58.62MiB at 130.61KiB/s ETA 00:32
[download]  93.2% of 58.62MiB at 130.76KiB/s ETA 00:31
[download]  93.5% of 58.62MiB at 131.00KiB/s ETA 00:29
[download]  94.0% of 58.62MiB at 130.59KiB/s ETA 00:27
[download]  94.2% of 58.62MiB at 130.88KiB/s ETA 00:26
[download]  94.6% of 58.62MiB at 131.22KiB/s ETA 00:24
[download]  95.1% of 58.62MiB at 130.20KiB/s ETA 00:22
[download]  95.3% of 58.62MiB at 130.53KiB/s ETA 00:21
[download]  95.8% of 58.62MiB at 129.30KiB/s ETA 00:19
[download]  96.1% of 58.62MiB at 129.57KiB/s ETA 00:18
[download]  96.5% of 58.62MiB at 130.02KiB/s ETA 00:16
[download]  97.2% of 58.62MiB at 129.11KiB/s ETA 00:12
[download]  97.6% of 58.62MiB at 129.57KiB/s ETA 00:11
[download]  98.3% of 58.62MiB at 128.72KiB/s ETA 00:07
[download]  98.7% of 58.62MiB at 129.11KiB/s ETA 00:06
[download]  99.4% of 58.62MiB at 128.23KiB/s ETA 00:02
[download]  99.8% of 58.62MiB at 128.59KiB/s ETA 00:01
[download] 100.0% of 58.62MiB at 128.84KiB/s ETA 00:00
[download] 100% of 58.62MiB in 07:45
[streamcloud.eu] awj41hqtpklv: Downloading webpage
[streamcloud.eu] awj41hqtpklv: Waiting for 12 seconds
[streamcloud.eu] awj41hqtpklv: Downloading webpage
[info] Writing video description metadata as JSON to: itg-simpsons-s25e11-awj41hqtpklv.info.json
[download] Destination: itg-simpsons-s25e11-awj41hqtpklv.mp4
[download]   0.0% of 58.62MiB at Unknown speed ETA Unknown ETA
[download]   0.0% of 58.62MiB at Unknown speed ETA Unknown ETA
[download]   0.0% of 58.62MiB at  2.06MiB/s ETA 00:28
[download]   0.0% of 58.62MiB at 239.55KiB/s ETA 04:10
[download]   0.1% of 58.62MiB at 434.61KiB/s ETA 02:18
[download]   0.1% of 58.62MiB at 464.09KiB/s ETA 02:09
[download]   0.2% of 58.62MiB at 624.47KiB/s ETA 01:35
[download]   0.4% of 58.62MiB at 917.88KiB/s ETA 01:05
[download]   0.9% of 58.62MiB at  1.20MiB/s ETA 00:48
[download]   1.7% of 58.62MiB at  1.16MiB/s ETA 00:49
[download]   3.4% of 58.62MiB at  1.48MiB/s ETA 00:38
[download]   6.8% of 58.62MiB at  1.64MiB/s ETA 00:33
[download]   9.9% of 58.62MiB at  1.65MiB/s ETA 00:31
[download]  12.8% of 58.62MiB at  1.69MiB/s ETA 00:30
[download]  15.9% of 58.62MiB at  1.72MiB/s ETA 00:28
[download]  19.1% of 58.62MiB at  1.71MiB/s ETA 00:27
[download]  21.9% of 58.62MiB at  1.72MiB/s ETA 00:26
[download]  25.0% of 58.62MiB at  1.74MiB/s ETA 00:25
[download]  28.2% of 58.62MiB at 826.57KiB/s ETA 00:52
[download]  29.7% of 58.62MiB at 603.64KiB/s ETA 01:09
[download]  30.5% of 58.62MiB at 614.68KiB/s ETA 01:07
[download]  32.1% of 58.62MiB at 495.19KiB/s ETA 01:22
[download]  32.8% of 58.62MiB at 414.99KiB/s ETA 01:37
[download]  33.2% of 58.62MiB at 418.83KiB/s ETA 01:35
[download]  34.0% of 58.62MiB at 361.65KiB/s ETA 01:49
[download]  34.4% of 58.62MiB at 365.38KiB/s ETA 01:47
[download]  35.2% of 58.62MiB at 371.86KiB/s ETA 01:44
[download]  36.8% of 58.62MiB at 334.71KiB/s ETA 01:53
[download]  37.5% of 58.62MiB at 302.32KiB/s ETA 02:04
[download]  37.9% of 58.62MiB at 304.96KiB/s ETA 02:02
[download]  38.7% of 58.62MiB at 278.16KiB/s ETA 02:12
[download]  39.1% of 58.62MiB at 280.83KiB/s ETA 02:10
[download]  39.9% of 58.62MiB at 259.42KiB/s ETA 02:19
