[XHamster] 5775208: Downloading webpage
[XHamster] 5775208: Downloading HD webpage
[info] Writing video description metadata as JSON to: Ein schoener Legginsarsch immer noch das geilste-5775208.info.json
[download] Destination: Ein schoener Legginsarsch immer noch das geilste-5775208.mp4
[download]   0.0% of 4.38MiB at Unknown speed ETA Unknown ETA
[download]   0.1% of 4.38MiB at Unknown speed ETA Unknown ETA
[download]   0.2% of 4.38MiB at  1.74MiB/s ETA 00:02
[download]   0.3% of 4.38MiB at 129.09KiB/s ETA 00:34
[download]   0.7% of 4.38MiB at 229.16KiB/s ETA 00:19
[download]   1.4% of 4.38MiB at 249.01KiB/s ETA 00:17
[download]   2.8% of 4.38MiB at 254.70KiB/s ETA 00:17
[download]   5.7% of 4.38MiB at 219.72KiB/s ETA 00:19
[download]  10.0% of 4.38MiB at 180.19KiB/s ETA 00:22
[download]  13.2% of 4.38MiB at 212.89KiB/s ETA 00:18
[download]  19.7% of 4.38MiB at 165.37KiB/s ETA 00:21
[download]  23.0% of 4.38MiB at 183.29KiB/s ETA 00:18
[download]  29.5% of 4.38MiB at 158.91KiB/s ETA 00:19
[download]  32.7% of 4.38MiB at 169.45KiB/s ETA 00:17
[download]  39.2% of 4.38MiB at 167.85KiB/s ETA 00:16
[download]  42.8% of 4.38MiB at 162.33KiB/s ETA 00:15
[download]  45.4% of 4.38MiB at 158.47KiB/s ETA 00:15
[download]  48.0% of 4.38MiB at 163.43KiB/s ETA 00:14
[download]  53.1% of 4.38MiB at 161.26KiB/s ETA 00:13
[download]  56.3% of 4.38MiB at 157.12KiB/s ETA 00:12
[download]  58.7% of 4.38MiB at 162.06KiB/s ETA 00:11
[download]  63.6% of 4.38MiB at 153.40KiB/s ETA 00:10
[download]  66.1% of 4.38MiB at 157.88KiB/s ETA 00:09
[download]  71.0% of 4.38MiB at 154.92KiB/s ETA 00:08
[download]  73.8% of 4.38MiB at 152.89KiB/s ETA 00:07
[download]  76.3% of 4.38MiB at 156.56KiB/s ETA 00:06
[download]  81.4% of 4.38MiB at 154.84KiB/s ETA 00:05
[download]  84.4% of 4.38MiB at 153.40KiB/s ETA 00:04
[download]  87.1% of 4.38MiB at 155.90KiB/s ETA 00:03
[download]  92.5% of 4.38MiB at 155.81KiB/s ETA 00:02
[download]  96.0% of 4.38MiB at 155.29KiB/s ETA 00:01
[download]  99.1% of 4.38MiB at 159.51KiB/s ETA 00:00
[download] 100.0% of 4.38MiB at 151.68KiB/s ETA 00:00
[download] 100% of 4.38MiB in 00:29
