[youtube] 79TRDRPGx34: Downloading webpage
[youtube] 79TRDRPGx34: Downloading video info webpage
[youtube] 79TRDRPGx34: Extracting video information
[youtube] 79TRDRPGx34: Downloading MPD manifest
[info] Writing video description metadata as JSON to: The Daily Show - Donald Trump's Fascist Week-79TRDRPGx34.info.json
[download] Destination: The Daily Show - Donald Trump's Fascist Week-79TRDRPGx34.f137.mp4
[download]   0.0% of 114.19MiB at 27.15KiB/s ETA 01:11:50
[download]   0.0% of 114.19MiB at 80.98KiB/s ETA 24:04
[download]   0.0% of 114.19MiB at 188.40KiB/s ETA 10:20
[download]   0.0% of 114.19MiB at 402.72KiB/s ETA 04:50
[download]   0.0% of 114.19MiB at 508.39KiB/s ETA 03:50
[download]   0.1% of 114.19MiB at 586.13KiB/s ETA 03:19
[download]   0.1% of 114.19MiB at 678.33KiB/s ETA 02:52
[download]   0.2% of 114.19MiB at 853.61KiB/s ETA 02:16
[download]   0.4% of 114.19MiB at  1.07MiB/s ETA 01:46
[download]   0.9% of 114.19MiB at  1.27MiB/s ETA 01:29
[download]   1.8% of 114.19MiB at  1.40MiB/s ETA 01:20
[download]   3.1% of 114.19MiB at  1.46MiB/s ETA 01:15
[download]   4.5% of 114.19MiB at  1.48MiB/s ETA 01:13
[download]   5.8% of 114.19MiB at  1.47MiB/s ETA 01:13
[download]   7.1% of 114.19MiB at  1.48MiB/s ETA 01:11
[download]   8.4% of 114.19MiB at  1.42MiB/s ETA 01:13
[download]   9.4% of 114.19MiB at  1.34MiB/s ETA 01:17
[download]  10.2% of 114.19MiB at  1.27MiB/s ETA 01:20
[download]  10.9% of 114.19MiB at  1.24MiB/s ETA 01:21
[download]  11.7% of 114.19MiB at  1.23MiB/s ETA 01:21
[download]  12.7% of 114.19MiB at  1.21MiB/s ETA 01:22
[download]  13.6% of 114.19MiB at  1.20MiB/s ETA 01:21
[download]  14.6% of 114.19MiB at  1.16MiB/s ETA 01:24
[download]  15.2% of 114.19MiB at  1.11MiB/s ETA 01:27
[download]  15.7% of 114.19MiB at  1.09MiB/s ETA 01:28
[download]  16.3% of 114.19MiB at  1.07MiB/s ETA 01:28
[download]  17.0% of 114.19MiB at  1.02MiB/s ETA 01:32
[download]  17.4% of 114.19MiB at  1.00MiB/s ETA 01:34
[download]  17.9% of 114.19MiB at 971.13KiB/s ETA 01:38
[download]  18.2% of 114.19MiB at 941.49KiB/s ETA 01:41
[download]  18.5% of 114.19MiB at 904.48KiB/s ETA 01:45
[download]  18.7% of 114.19MiB at 870.21KiB/s ETA 01:49
[download]  18.8% of 114.19MiB at 867.20KiB/s ETA 01:49
[download]  19.2% of 114.19MiB at 865.71KiB/s ETA 01:49
[download]  19.9% of 114.19MiB at 873.81KiB/s ETA 01:47
[download]  20.9% of 114.19MiB at 883.56KiB/s ETA 01:44
[download]  21.9% of 114.19MiB at 875.85KiB/s ETA 01:44
[download]  22.5% of 114.19MiB at 871.96KiB/s ETA 01:43
[download]  23.1% of 114.19MiB at 867.67KiB/s ETA 01:43
[download]  23.8% of 114.19MiB at 859.56KiB/s ETA 01:43
[download]  24.3% of 114.19MiB at 836.49KiB/s ETA 01:45
[download]  24.6% of 114.19MiB at 833.00KiB/s ETA 01:45
[download]  25.2% of 114.19MiB at 828.88KiB/s ETA 01:45
[download]  25.8% of 114.19MiB at 833.57KiB/s ETA 01:44
[download]  26.7% of 114.19MiB at 847.86KiB/s ETA 01:41
[download]  28.1% of 114.19MiB at 867.65KiB/s ETA 01:36
[download]  29.4% of 114.19MiB at 877.04KiB/s ETA 01:34
[download]  30.4% of 114.19MiB at 889.62KiB/s ETA 01:31
[download]  31.8% of 114.19MiB at 906.64KiB/s ETA 01:28
[download]  33.1% of 114.19MiB at 923.06KiB/s ETA 01:24
[download]  34.5% of 114.19MiB at 936.92KiB/s ETA 01:21
[download]  35.7% of 114.19MiB at 942.86KiB/s ETA 01:19
[download]  36.7% of 114.19MiB at 951.11KiB/s ETA 01:17
[download]  37.9% of 114.19MiB at 963.23KiB/s ETA 01:15
[download]  39.3% of 114.19MiB at 976.51KiB/s ETA 01:12
[download]  40.6% of 114.19MiB at 987.11KiB/s ETA 01:10
[download]  41.9% of 114.19MiB at 993.79KiB/s ETA 01:08
[download]  43.0% of 114.19MiB at 998.75KiB/s ETA 01:06
[download]  44.0% of 114.19MiB at 1007.79KiB/s ETA 01:04
[download]  45.4% of 114.19MiB at 1013.88KiB/s ETA 01:03
[download]  46.5% of 114.19MiB at 1015.24KiB/s ETA 01:01
[download]  47.4% of 114.19MiB at 1022.32KiB/s ETA 01:00
[download]  48.7% of 114.19MiB at 1023.25KiB/s ETA 00:58
[download]  49.6% of 114.19MiB at  1.00MiB/s ETA 00:57
[download]  50.8% of 114.19MiB at  1.00MiB/s ETA 00:56
[download]  51.6% of 114.19MiB at  1.01MiB/s ETA 00:54
[download]  52.8% of 114.19MiB at  1.00MiB/s ETA 00:53
[download]  53.6% of 114.19MiB at  1.01MiB/s ETA 00:52
[download]  54.6% of 114.19MiB at  1.00MiB/s ETA 00:51
[download]  55.4% of 114.19MiB at 1021.42KiB/s ETA 00:51
[download]  56.0% of 114.19MiB at 1013.91KiB/s ETA 00:50
[download]  56.5% of 114.19MiB at 1009.42KiB/s ETA 00:50
[download]  57.1% of 114.19MiB at 1003.04KiB/s ETA 00:49
[download]  57.7% of 114.19MiB at 996.76KiB/s ETA 00:49
[download]  58.2% of 114.19MiB at 983.01KiB/s ETA 00:49
[download]  58.5% of 114.19MiB at 974.95KiB/s ETA 00:49
[download]  58.8% of 114.19MiB at 968.54KiB/s ETA 00:49
[download]  59.2% of 114.19MiB at 960.96KiB/s ETA 00:49
[download]  59.6% of 114.19MiB at 954.48KiB/s ETA 00:49
[download]  60.0% of 114.19MiB at 951.21KiB/s ETA 00:49
[download]  60.5% of 114.19MiB at 947.13KiB/s ETA 00:48
[download]  61.1% of 114.19MiB at 946.78KiB/s ETA 00:48
[download]  61.9% of 114.19MiB at 946.31KiB/s ETA 00:47
[download]  62.6% of 114.19MiB at 942.60KiB/s ETA 00:46
[download]  63.3% of 114.19MiB at 942.36KiB/s ETA 00:45
[download]  64.0% of 114.19MiB at 942.54KiB/s ETA 00:44
[download]  64.9% of 114.19MiB at 946.58KiB/s ETA 00:43
[download]  66.1% of 114.19MiB at 945.18KiB/s ETA 00:41
[download]  66.8% of 114.19MiB at 946.49KiB/s ETA 00:40
[download]  67.7% of 114.19MiB at 943.11KiB/s ETA 00:39
[download]  68.4% of 114.19MiB at 940.48KiB/s ETA 00:39
[download]  69.0% of 114.19MiB at 940.51KiB/s ETA 00:38
[download]  69.8% of 114.19MiB at 941.05KiB/s ETA 00:37
[download]  70.7% of 114.19MiB at 941.67KiB/s ETA 00:36
[download]  71.5% of 114.19MiB at 943.27KiB/s ETA 00:35
[download]  72.5% of 114.19MiB at 945.41KiB/s ETA 00:34
[download]  73.4% of 114.19MiB at 949.42KiB/s ETA 00:32
[download]  74.6% of 114.19MiB at 955.52KiB/s ETA 00:31
[download]  76.0% of 114.19MiB at 962.40KiB/s ETA 00:29
[download]  77.3% of 114.19MiB at 969.12KiB/s ETA 00:27
[download]  78.7% of 114.19MiB at 974.78KiB/s ETA 00:25
[download]  79.9% of 114.19MiB at 977.28KiB/s ETA 00:24
[download]  80.9% of 114.19MiB at 979.74KiB/s ETA 00:22
[download]  82.0% of 114.19MiB at 984.55KiB/s ETA 00:21
[download]  83.3% of 114.19MiB at 990.04KiB/s ETA 00:19
[download]  84.6% of 114.19MiB at 991.01KiB/s ETA 00:18
[download]  85.5% of 114.19MiB at 993.84KiB/s ETA 00:17
[download]  86.7% of 114.19MiB at 998.18KiB/s ETA 00:15
[download]  87.9% of 114.19MiB at 999.15KiB/s ETA 00:14
[download]  88.9% of 114.19MiB at 1001.61KiB/s ETA 00:13
[download]  90.0% of 114.19MiB at 1005.54KiB/s ETA 00:11
[download]  91.2% of 114.19MiB at 1006.28KiB/s ETA 00:10
[download]  92.1% of 114.19MiB at 1006.44KiB/s ETA 00:09
[download]  93.0% of 114.19MiB at 1004.39KiB/s ETA 00:08
[download]  93.7% of 114.19MiB at 1005.51KiB/s ETA 00:07
[download]  94.7% of 114.19MiB at 1003.96KiB/s ETA 00:06
[download]  95.5% of 114.19MiB at 1000.39KiB/s ETA 00:05
[download]  96.1% of 114.19MiB at 993.90KiB/s ETA 00:04
[download]  96.5% of 114.19MiB at 992.85KiB/s ETA 00:04
[download]  97.2% of 114.19MiB at 990.18KiB/s ETA 00:03
[download]  97.8% of 114.19MiB at 974.85KiB/s ETA 00:02
[download]  98.1% of 114.19MiB at 955.51KiB/s ETA 00:02
[download]  98.2% of 114.19MiB at 952.88KiB/s ETA 00:02
[download]  98.5% of 114.19MiB at 949.32KiB/s ETA 00:01
[download]  98.9% of 114.19MiB at 948.81KiB/s ETA 00:01
[download]  99.6% of 114.19MiB at 949.02KiB/s ETA 00:00
[download] 100.0% of 114.19MiB at 949.11KiB/s ETA 00:00
[download] 100% of 114.19MiB in 02:03
[download] Destination: The Daily Show - Donald Trump's Fascist Week-79TRDRPGx34.f251.webm
[download]   0.0% of 6.39MiB at 28.46KiB/s ETA 03:49
[download]   0.0% of 6.39MiB at 85.06KiB/s ETA 01:16
[download]   0.1% of 6.39MiB at 197.95KiB/s ETA 00:33
[download]   0.2% of 6.39MiB at 423.25KiB/s ETA 00:15
[download]   0.5% of 6.39MiB at 629.19KiB/s ETA 00:10
[download]   1.0% of 6.39MiB at 752.85KiB/s ETA 00:08
[download]   1.9% of 6.39MiB at 1014.79KiB/s ETA 00:06
[download]   3.9% of 6.39MiB at  1.21MiB/s ETA 00:05
[download]   7.8% of 6.39MiB at  1.12MiB/s ETA 00:05
[download]  15.6% of 6.39MiB at  1.37MiB/s ETA 00:03
[download]  31.3% of 6.39MiB at  1.10MiB/s ETA 00:03
[download]  45.7% of 6.39MiB at  1.19MiB/s ETA 00:02
[download]  68.6% of 6.39MiB at  1.07MiB/s ETA 00:01
[download]  82.7% of 6.39MiB at  1.08MiB/s ETA 00:01
[download] 100.0% of 6.39MiB at  1.14MiB/s ETA 00:00
[download] 100% of 6.39MiB in 00:05
[ffmpeg] Merging formats into "The Daily Show - Donald Trump's Fascist Week-79TRDRPGx34.mkv"
Deleting original file The Daily Show - Donald Trump's Fascist Week-79TRDRPGx34.f137.mp4 (pass -k to keep)
Deleting original file The Daily Show - Donald Trump's Fascist Week-79TRDRPGx34.f251.webm (pass -k to keep)
