[youtube] BiG6_1LS_AI: Downloading webpage
[youtube] BiG6_1LS_AI: Downloading video info webpage
[youtube] BiG6_1LS_AI: Extracting video information
[youtube] BiG6_1LS_AI: Downloading MPD manifest
[info] Writing video description metadata as JSON to: Watch How John Oliver Describes Countries (Compilation)-BiG6_1LS_AI.info.json
[download] Destination: Watch How John Oliver Describes Countries (Compilation)-BiG6_1LS_AI.f248.webm
[download]   0.0% of 67.27MiB at 26.81KiB/s ETA 42:51
[download]   0.0% of 67.27MiB at 80.01KiB/s ETA 14:21
[download]   0.0% of 67.27MiB at 186.17KiB/s ETA 06:10
[download]   0.0% of 67.27MiB at 397.98KiB/s ETA 02:53
[download]   0.0% of 67.27MiB at 604.37KiB/s ETA 01:53
[download]   0.1% of 67.27MiB at 732.65KiB/s ETA 01:33
[download]   0.2% of 67.27MiB at 996.48KiB/s ETA 01:09
[download]   0.4% of 67.27MiB at  1.20MiB/s ETA 00:55
[download]   0.7% of 67.27MiB at  1.12MiB/s ETA 00:59
[download]   1.5% of 67.27MiB at  1.45MiB/s ETA 00:45
[download]   3.0% of 67.27MiB at  1.50MiB/s ETA 00:43
[download]   5.3% of 67.27MiB at  1.51MiB/s ETA 00:42
[download]   7.6% of 67.27MiB at  1.53MiB/s ETA 00:40
[download]   9.9% of 67.27MiB at  1.54MiB/s ETA 00:39
[download]  12.2% of 67.27MiB at  1.54MiB/s ETA 00:38
[download]  14.5% of 67.27MiB at  1.54MiB/s ETA 00:37
[download]  16.8% of 67.27MiB at  1.54MiB/s ETA 00:36
[download]  19.1% of 67.27MiB at  1.54MiB/s ETA 00:35
[download]  21.4% of 67.27MiB at  1.54MiB/s ETA 00:34
[download]  23.7% of 67.27MiB at  1.54MiB/s ETA 00:33
[download]  26.0% of 67.27MiB at  1.55MiB/s ETA 00:32
[download]  28.4% of 67.27MiB at  1.55MiB/s ETA 00:31
[download]  30.7% of 67.27MiB at  1.55MiB/s ETA 00:30
[download]  33.0% of 67.27MiB at  1.55MiB/s ETA 00:29
[download]  35.3% of 67.27MiB at  1.55MiB/s ETA 00:28
[download]  37.6% of 67.27MiB at  1.55MiB/s ETA 00:27
[download]  39.9% of 67.27MiB at  1.55MiB/s ETA 00:26
[download]  42.2% of 67.27MiB at  1.55MiB/s ETA 00:25
[download]  44.5% of 67.27MiB at  1.55MiB/s ETA 00:24
[download]  46.8% of 67.27MiB at  1.55MiB/s ETA 00:23
[download]  49.1% of 67.27MiB at  1.55MiB/s ETA 00:22
[download]  51.3% of 67.27MiB at  1.55MiB/s ETA 00:21
[download]  53.7% of 67.27MiB at  1.55MiB/s ETA 00:20
[download]  56.0% of 67.27MiB at  1.55MiB/s ETA 00:19
[download]  58.3% of 67.27MiB at  1.55MiB/s ETA 00:18
[download]  60.6% of 67.27MiB at  1.55MiB/s ETA 00:17
[download]  62.8% of 67.27MiB at  1.55MiB/s ETA 00:16
[download]  65.2% of 67.27MiB at  1.55MiB/s ETA 00:15
[download]  67.5% of 67.27MiB at  1.55MiB/s ETA 00:14
[download]  69.8% of 67.27MiB at  1.55MiB/s ETA 00:13
[download]  72.1% of 67.27MiB at  1.55MiB/s ETA 00:12
[download]  74.4% of 67.27MiB at  1.55MiB/s ETA 00:11
[download]  76.7% of 67.27MiB at  1.55MiB/s ETA 00:10
[download]  79.0% of 67.27MiB at  1.55MiB/s ETA 00:09
[download]  81.3% of 67.27MiB at  1.55MiB/s ETA 00:08
[download]  83.6% of 67.27MiB at  1.55MiB/s ETA 00:07
[download]  85.9% of 67.27MiB at  1.55MiB/s ETA 00:06
[download]  88.2% of 67.27MiB at  1.55MiB/s ETA 00:05
[download]  90.5% of 67.27MiB at  1.55MiB/s ETA 00:04
[download]  92.7% of 67.27MiB at  1.55MiB/s ETA 00:03
[download]  95.0% of 67.27MiB at  1.55MiB/s ETA 00:02
[download]  97.3% of 67.27MiB at  1.55MiB/s ETA 00:01
[download]  99.6% of 67.27MiB at  1.54MiB/s ETA 00:00
[download] 100.0% of 67.27MiB at  1.52MiB/s ETA 00:00
[download] 100% of 67.27MiB in 00:44
[download] Destination: Watch How John Oliver Describes Countries (Compilation)-BiG6_1LS_AI.f251.webm
[download]   0.0% of 5.00MiB at 15.96KiB/s ETA 05:20
[download]   0.1% of 5.00MiB at 47.70KiB/s ETA 01:47
[download]   0.1% of 5.00MiB at 111.02KiB/s ETA 00:46
[download]   0.3% of 5.00MiB at 237.54KiB/s ETA 00:21
[download]   0.6% of 5.00MiB at 383.85KiB/s ETA 00:13
[download]   1.2% of 5.00MiB at 435.54KiB/s ETA 00:11
[download]   2.5% of 5.00MiB at 306.72KiB/s ETA 00:16
[download]   5.0% of 5.00MiB at 242.20KiB/s ETA 00:20
[download]   8.9% of 5.00MiB at 142.26KiB/s ETA 00:32
[download]  10.9% of 5.00MiB at 147.21KiB/s ETA 00:30
[download]  14.3% of 5.00MiB at 153.21KiB/s ETA 00:28
[download]  17.7% of 5.00MiB at 175.20KiB/s ETA 00:24
[download]  24.6% of 5.00MiB at 160.24KiB/s ETA 00:24
[download]  28.0% of 5.00MiB at 118.94KiB/s ETA 00:30
[download]  29.8% of 5.00MiB at 113.09KiB/s ETA 00:31
[download]  31.0% of 5.00MiB at 109.43KiB/s ETA 00:32
[download]  32.2% of 5.00MiB at 109.96KiB/s ETA 00:31
[download]  34.6% of 5.00MiB at 111.57KiB/s ETA 00:30
[download]  37.3% of 5.00MiB at 115.87KiB/s ETA 00:27
[download]  41.7% of 5.00MiB at 126.78KiB/s ETA 00:23
[download]  50.6% of 5.00MiB at 149.46KiB/s ETA 00:16
[download]  68.4% of 5.00MiB at 192.56KiB/s ETA 00:08
[download]  89.4% of 5.00MiB at 239.01KiB/s ETA 00:02
[download] 100.0% of 5.00MiB at 262.43KiB/s ETA 00:00
[download] 100% of 5.00MiB in 00:19
[ffmpeg] Merging formats into "Watch How John Oliver Describes Countries (Compilation)-BiG6_1LS_AI.webm"
Deleting original file Watch How John Oliver Describes Countries (Compilation)-BiG6_1LS_AI.f248.webm (pass -k to keep)
Deleting original file Watch How John Oliver Describes Countries (Compilation)-BiG6_1LS_AI.f251.webm (pass -k to keep)
