Kraft Macaroni & Cheese Going All-Natural Just Isn't Natural-TT6A0tsxTyc.mp4
There Is A New Conspiracy Afoot… And Apaw-e390alJS5ys.mp4
Sally Field Knows A Thing Or Two About Kissing-0ga1HlhTmOg.mp4
Sally Field Is A Lot Of Things-AQzNkt-DT8w.mp4
Jerrod Carmichael Didn't Endorse Donald Trump, Exactly-W3dT4vTIa7M.mp4
Trump, Pile Of Meat 2016-_q33sHC_tYc.mp4
Esperanza Spalding Performs 'Good Lava'-URwuLTInv0A.mp4
Kraft Macaroni & Cheese Going All-Natural Just Isn't Natural-TT6A0tsxTyc.webm
There Is A New Conspiracy Afoot… And Apaw-e390alJS5ys.mp4
Sally Field Knows A Thing Or Two About Kissing-0ga1HlhTmOg.webm
Sally Field Is A Lot Of Things-AQzNkt-DT8w.webm
Jerrod Carmichael Didn't Endorse Donald Trump, Exactly-W3dT4vTIa7M.mp4
Trump, Pile Of Meat 2016-_q33sHC_tYc.webm
Esperanza Spalding Performs 'Good Lava'-URwuLTInv0A.mp4
Kraft Macaroni & Cheese Going All-Natural Just Isn't Natural-TT6A0tsxTyc.webm
There Is A New Conspiracy Afoot… And Apaw-e390alJS5ys.mp4
Sally Field Knows A Thing Or Two About Kissing-0ga1HlhTmOg.webm
Sally Field Is A Lot Of Things-AQzNkt-DT8w.webm
Jerrod Carmichael Didn't Endorse Donald Trump, Exactly-W3dT4vTIa7M.mp4
Trump, Pile Of Meat 2016-_q33sHC_tYc.webm
Esperanza Spalding Performs 'Good Lava'-URwuLTInv0A.mp4
