[youtube:playlist] PLiZxWe0ejyv9aspZkVle0o8TRzEcoqT_n: Downloading webpage
[download] Downloading playlist: March 9, 2016
[youtube:playlist] playlist March 9, 2016: Downloading 7 videos
[download] Downloading video 1 of 7
[youtube] TT6A0tsxTyc: Downloading webpage
[youtube] TT6A0tsxTyc: Downloading video info webpage
[youtube] TT6A0tsxTyc: Extracting video information
[youtube] TT6A0tsxTyc: Downloading MPD manifest
[info] Writing video description metadata as JSON to: Kraft Macaroni & Cheese Going All-Natural Just Isn't Natural-TT6A0tsxTyc.info.json
[download] Destination: Kraft Macaroni & Cheese Going All-Natural Just Isn't Natural-TT6A0tsxTyc.f136.mp4
[download]   0.0% of 21.87MiB at  3.89KiB/s ETA 01:36:00
[download]   0.0% of 21.87MiB at 11.64KiB/s ETA 32:02
[download]   0.0% of 21.87MiB at 27.15KiB/s ETA 13:44
[download]   0.1% of 21.87MiB at 58.11KiB/s ETA 06:25
[download]   0.1% of 21.87MiB at 77.45KiB/s ETA 04:48
[download]   0.3% of 21.87MiB at 98.14KiB/s ETA 03:47
[download]   0.6% of 21.87MiB at 97.45KiB/s ETA 03:48
[download]   1.0% of 21.87MiB at 88.47KiB/s ETA 04:10
[download]   1.4% of 21.87MiB at 98.86KiB/s ETA 03:43
[download]   2.0% of 21.87MiB at 99.76KiB/s ETA 03:39
[download]   2.5% of 21.87MiB at 92.57KiB/s ETA 03:55
[download]   2.8% of 21.87MiB at 94.25KiB/s ETA 03:50
[download]   3.3% of 21.87MiB at 99.23KiB/s ETA 03:38
[download]   3.9% of 21.87MiB at 98.31KiB/s ETA 03:38
[download]   4.3% of 21.87MiB at 99.67KiB/s ETA 03:34
[download]   4.8% of 21.87MiB at 101.34KiB/s ETA 03:30
[download]   5.4% of 21.87MiB at 101.51KiB/s ETA 03:28
[download]   5.8% of 21.87MiB at 95.76KiB/s ETA 03:40
[download]   6.1% of 21.87MiB at 94.95KiB/s ETA 03:41
[download]   6.4% of 21.87MiB at 95.58KiB/s ETA 03:39
[download]   6.9% of 21.87MiB at 96.58KiB/s ETA 03:35
[download]   7.4% of 21.87MiB at 93.56KiB/s ETA 03:41
[download]   7.7% of 21.87MiB at 93.55KiB/s ETA 03:40
[download]   8.1% of 21.87MiB at 95.01KiB/s ETA 03:36
[download]   8.7% of 21.87MiB at 98.14KiB/s ETA 03:28
[download]   9.5% of 21.87MiB at 101.83KiB/s ETA 03:18
[download]  10.3% of 21.87MiB at 102.26KiB/s ETA 03:16
[download]  10.8% of 21.87MiB at 97.17KiB/s ETA 03:25
[download]  11.0% of 21.87MiB at 97.32KiB/s ETA 03:24
[download]  11.5% of 21.87MiB at 98.77KiB/s ETA 03:20
[download]  12.2% of 21.87MiB at 99.85KiB/s ETA 03:16
[download]  12.7% of 21.87MiB at 100.72KiB/s ETA 03:14
[download]  13.3% of 21.87MiB at 102.99KiB/s ETA 03:08
[download]  14.2% of 21.87MiB at 106.71KiB/s ETA 02:59
[download]  15.2% of 21.87MiB at 107.82KiB/s ETA 02:56
[download]  15.7% of 21.87MiB at 107.40KiB/s ETA 02:55
[download]  16.2% of 21.87MiB at 105.86KiB/s ETA 02:57
[download]  16.5% of 21.87MiB at 105.74KiB/s ETA 02:56
[download]  16.9% of 21.87MiB at 103.45KiB/s ETA 02:59
[download]  17.2% of 21.87MiB at 103.96KiB/s ETA 02:58
[download]  17.7% of 21.87MiB at 103.54KiB/s ETA 02:57
[download]  18.1% of 21.87MiB at 104.12KiB/s ETA 02:56
[download]  18.7% of 21.87MiB at 103.90KiB/s ETA 02:55
[download]  19.2% of 21.87MiB at 104.47KiB/s ETA 02:53
[download]  19.8% of 21.87MiB at 105.23KiB/s ETA 02:50
[download]  20.4% of 21.87MiB at 105.85KiB/s ETA 02:48
[download]  21.0% of 21.87MiB at 107.29KiB/s ETA 02:44
[download]  21.9% of 21.87MiB at 108.22KiB/s ETA 02:41
[download]  22.5% of 21.87MiB at 108.92KiB/s ETA 02:39
[download]  23.1% of 21.87MiB at 109.18KiB/s ETA 02:37
[download]  23.7% of 21.87MiB at 109.80KiB/s ETA 02:35
[download]  24.3% of 21.87MiB at 110.00KiB/s ETA 02:34
[download]  24.8% of 21.87MiB at 109.79KiB/s ETA 02:33
[download]  25.3% of 21.87MiB at 110.25KiB/s ETA 02:31
[download]  25.9% of 21.87MiB at 111.02KiB/s ETA 02:29
[download]  26.6% of 21.87MiB at 111.67KiB/s ETA 02:27
[download]  27.2% of 21.87MiB at 111.84KiB/s ETA 02:25
[download]  27.8% of 21.87MiB at 111.73KiB/s ETA 02:24
[download]  28.3% of 21.87MiB at 112.28KiB/s ETA 02:23
[download]  29.0% of 21.87MiB at 113.38KiB/s ETA 02:20
[download]  29.8% of 21.87MiB at 114.74KiB/s ETA 02:16
[download]  30.7% of 21.87MiB at 116.12KiB/s ETA 02:13
[download]  31.6% of 21.87MiB at 117.41KiB/s ETA 02:10
[download]  32.4% of 21.87MiB at 118.33KiB/s ETA 02:07
[download]  33.1% of 21.87MiB at 118.67KiB/s ETA 02:06
[download]  33.8% of 21.87MiB at 119.06KiB/s ETA 02:04
[download]  34.4% of 21.87MiB at 119.33KiB/s ETA 02:03
[download]  35.0% of 21.87MiB at 119.84KiB/s ETA 02:01
[download]  35.7% of 21.87MiB at 120.53KiB/s ETA 01:59
[download]  36.5% of 21.87MiB at 120.72KiB/s ETA 01:57
[download]  37.1% of 21.87MiB at 121.13KiB/s ETA 01:56
[download]  37.7% of 21.87MiB at 121.55KiB/s ETA 01:54
[download]  38.4% of 21.87MiB at 121.04KiB/s ETA 01:53
[download]  38.8% of 21.87MiB at 121.21KiB/s ETA 01:52
[download]  39.5% of 21.87MiB at 121.95KiB/s ETA 01:51
[download]  40.3% of 21.87MiB at 121.99KiB/s ETA 01:49
[download]  40.9% of 21.87MiB at 122.54KiB/s ETA 01:47
[download]  41.7% of 21.87MiB at 122.46KiB/s ETA 01:46
[download]  42.2% of 21.87MiB at 122.47KiB/s ETA 01:45
[download]  42.8% of 21.87MiB at 122.79KiB/s ETA 01:44
[download]  43.5% of 21.87MiB at 123.27KiB/s ETA 01:42
[download]  44.2% of 21.87MiB at 123.65KiB/s ETA 01:41
[download]  44.9% of 21.87MiB at 123.12KiB/s ETA 01:40
[download]  45.3% of 21.87MiB at 123.16KiB/s ETA 01:39
[download]  45.9% of 21.87MiB at 123.31KiB/s ETA 01:38
[download]  46.5% of 21.87MiB at 123.78KiB/s ETA 01:36
[download]  47.3% of 21.87MiB at 123.78KiB/s ETA 01:35
[download]  47.8% of 21.87MiB at 123.77KiB/s ETA 01:34
[download]  48.4% of 21.87MiB at 123.78KiB/s ETA 01:33
[download]  48.9% of 21.87MiB at 123.50KiB/s ETA 01:32
[download]  49.4% of 21.87MiB at 123.19KiB/s ETA 01:32
[download]  49.8% of 21.87MiB at 123.21KiB/s ETA 01:31
[download]  50.4% of 21.87MiB at 122.98KiB/s ETA 01:30
[download]  50.8% of 21.87MiB at 122.13KiB/s ETA 01:30
[download]  51.2% of 21.87MiB at 122.31KiB/s ETA 01:29
[download]  51.8% of 21.87MiB at 122.75KiB/s ETA 01:27
[download]  52.6% of 21.87MiB at 122.93KiB/s ETA 01:26
[download]  53.2% of 21.87MiB at 123.05KiB/s ETA 01:25
[download]  53.8% of 21.87MiB at 122.72KiB/s ETA 01:24
[download]  54.2% of 21.87MiB at 123.05KiB/s ETA 01:23
[download]  55.0% of 21.87MiB at 123.40KiB/s ETA 01:21
[download]  55.7% of 21.87MiB at 123.86KiB/s ETA 01:20
[download]  56.5% of 21.87MiB at 124.27KiB/s ETA 01:18
[download]  57.2% of 21.87MiB at 124.55KiB/s ETA 01:16
[download]  57.9% of 21.87MiB at 124.72KiB/s ETA 01:15
[download]  58.5% of 21.87MiB at 124.14KiB/s ETA 01:14
[download]  58.9% of 21.87MiB at 124.06KiB/s ETA 01:14
[download]  59.4% of 21.87MiB at 124.31KiB/s ETA 01:13
[download]  60.1% of 21.87MiB at 124.55KiB/s ETA 01:11
[download]  60.8% of 21.87MiB at 125.00KiB/s ETA 01:10
[download]  61.6% of 21.87MiB at 125.01KiB/s ETA 01:08
[download]  62.2% of 21.87MiB at 125.04KiB/s ETA 01:07
[download]  62.8% of 21.87MiB at 125.22KiB/s ETA 01:06
[download]  63.4% of 21.87MiB at 125.40KiB/s ETA 01:05
[download]  64.1% of 21.87MiB at 125.46KiB/s ETA 01:04
[download]  64.7% of 21.87MiB at 125.69KiB/s ETA 01:02
[download]  65.4% of 21.87MiB at 125.88KiB/s ETA 01:01
[download]  66.0% of 21.87MiB at 126.00KiB/s ETA 01:00
[download]  66.7% of 21.87MiB at 126.19KiB/s ETA 00:59
[download]  67.3% of 21.87MiB at 126.49KiB/s ETA 00:57
[download]  68.1% of 21.87MiB at 126.76KiB/s ETA 00:56
[download]  68.8% of 21.87MiB at 126.96KiB/s ETA 00:55
[download]  69.4% of 21.87MiB at 127.30KiB/s ETA 00:53
[download]  70.2% of 21.87MiB at 127.62KiB/s ETA 00:52
[download]  70.9% of 21.87MiB at 127.91KiB/s ETA 00:50
[download]  71.7% of 21.87MiB at 127.69KiB/s ETA 00:49
[download]  72.2% of 21.87MiB at 127.75KiB/s ETA 00:48
[download]  72.8% of 21.87MiB at 127.71KiB/s ETA 00:47
[download]  73.3% of 21.87MiB at 127.84KiB/s ETA 00:46
[download]  74.0% of 21.87MiB at 127.89KiB/s ETA 00:45
[download]  74.6% of 21.87MiB at 128.15KiB/s ETA 00:44
[download]  75.4% of 21.87MiB at 128.50KiB/s ETA 00:42
[download]  76.1% of 21.87MiB at 128.70KiB/s ETA 00:41
[download]  76.8% of 21.87MiB at 129.16KiB/s ETA 00:40
[download]  77.8% of 21.87MiB at 129.77KiB/s ETA 00:38
[download]  78.7% of 21.87MiB at 130.33KiB/s ETA 00:36
[download]  79.6% of 21.87MiB at 130.79KiB/s ETA 00:34
[download]  80.5% of 21.87MiB at 130.50KiB/s ETA 00:33
[download]  80.9% of 21.87MiB at 130.54KiB/s ETA 00:32
[download]  81.6% of 21.87MiB at 130.36KiB/s ETA 00:31
[download]  82.0% of 21.87MiB at 130.24KiB/s ETA 00:30
[download]  82.5% of 21.87MiB at 129.90KiB/s ETA 00:30
[download]  83.0% of 21.87MiB at 130.06KiB/s ETA 00:29
[download]  83.7% of 21.87MiB at 130.35KiB/s ETA 00:27
[download]  84.5% of 21.87MiB at 130.65KiB/s ETA 00:26
[download]  85.3% of 21.87MiB at 131.02KiB/s ETA 00:25
[download]  86.1% of 21.87MiB at 131.51KiB/s ETA 00:23
[download]  87.1% of 21.87MiB at 131.79KiB/s ETA 00:21
[download]  87.8% of 21.87MiB at 131.72KiB/s ETA 00:20
[download]  88.3% of 21.87MiB at 131.55KiB/s ETA 00:19
[download]  88.8% of 21.87MiB at 131.77KiB/s ETA 00:18
[download]  89.7% of 21.87MiB at 132.03KiB/s ETA 00:17
[download]  90.4% of 21.87MiB at 131.98KiB/s ETA 00:16
[download]  91.0% of 21.87MiB at 132.26KiB/s ETA 00:15
[download]  91.9% of 21.87MiB at 132.38KiB/s ETA 00:13
[download]  92.5% of 21.87MiB at 132.59KiB/s ETA 00:12
[download]  93.3% of 21.87MiB at 132.71KiB/s ETA 00:11
[download]  94.0% of 21.87MiB at 133.02KiB/s ETA 00:10
[download]  94.8% of 21.87MiB at 132.85KiB/s ETA 00:08
[download]  95.4% of 21.87MiB at 133.10KiB/s ETA 00:07
[download]  96.3% of 21.87MiB at 132.70KiB/s ETA 00:06
[download]  96.7% of 21.87MiB at 132.45KiB/s ETA 00:05
[download]  97.1% of 21.87MiB at 132.48KiB/s ETA 00:04
[download]  97.8% of 21.87MiB at 132.73KiB/s ETA 00:03
[download]  98.6% of 21.87MiB at 132.78KiB/s ETA 00:02
[download]  99.2% of 21.87MiB at 132.94KiB/s ETA 00:01
[download]  99.9% of 21.87MiB at 133.27KiB/s ETA 00:00
[download] 100.0% of 21.87MiB at 133.34KiB/s ETA 00:00
[download] 100% of 21.87MiB in 02:47
[download] Destination: Kraft Macaroni & Cheese Going All-Natural Just Isn't Natural-TT6A0tsxTyc.f251.webm
[download]   0.0% of 2.18MiB at 82.34KiB/s ETA 00:27
[download]   0.1% of 2.18MiB at 240.00KiB/s ETA 00:09
[download]   0.3% of 2.18MiB at 549.67KiB/s ETA 00:04
[download]   0.7% of 2.18MiB at  1.13MiB/s ETA 00:01
[download]   1.4% of 2.18MiB at 391.97KiB/s ETA 00:05
[download]   2.8% of 2.18MiB at 245.65KiB/s ETA 00:08
[download]   5.7% of 2.18MiB at 156.48KiB/s ETA 00:13
[download]  10.9% of 2.18MiB at 153.62KiB/s ETA 00:12
[download]  17.6% of 2.18MiB at 168.33KiB/s ETA 00:10
[download]  26.6% of 2.18MiB at 166.17KiB/s ETA 00:09
[download]  33.8% of 2.18MiB at 168.08KiB/s ETA 00:08
[download]  41.7% of 2.18MiB at 174.97KiB/s ETA 00:07
[download]  51.2% of 2.18MiB at 166.39KiB/s ETA 00:06
[download]  57.4% of 2.18MiB at 160.56KiB/s ETA 00:05
[download]  63.0% of 2.18MiB at 152.93KiB/s ETA 00:05
[download]  67.6% of 2.18MiB at 151.64KiB/s ETA 00:04
[download]  73.7% of 2.18MiB at 156.24KiB/s ETA 00:03
[download]  84.2% of 2.18MiB at 156.13KiB/s ETA 00:02
[download]  91.2% of 2.18MiB at 157.50KiB/s ETA 00:01
[download]  99.1% of 2.18MiB at 158.81KiB/s ETA 00:00
[download] 100.0% of 2.18MiB at 160.11KiB/s ETA 00:00
[download] 100% of 2.18MiB in 00:13
[ffmpeg] Merging formats into "Kraft Macaroni & Cheese Going All-Natural Just Isn't Natural-TT6A0tsxTyc.mkv"
Deleting original file Kraft Macaroni & Cheese Going All-Natural Just Isn't Natural-TT6A0tsxTyc.f136.mp4 (pass -k to keep)
Deleting original file Kraft Macaroni & Cheese Going All-Natural Just Isn't Natural-TT6A0tsxTyc.f251.webm (pass -k to keep)
[download] Downloading video 2 of 7
[youtube] e390alJS5ys: Downloading webpage
[youtube] e390alJS5ys: Downloading video info webpage
[youtube] e390alJS5ys: Extracting video information
[youtube] e390alJS5ys: Downloading MPD manifest
[info] Writing video description metadata as JSON to: There Is A New Conspiracy Afoot… And Apaw-e390alJS5ys.info.json
[download] Destination: There Is A New Conspiracy Afoot… And Apaw-e390alJS5ys.f136.mp4
[download]   0.0% of 40.58MiB at 19.06KiB/s ETA 36:21
[download]   0.0% of 40.58MiB at 56.77KiB/s ETA 12:12
[download]   0.0% of 40.58MiB at 131.72KiB/s ETA 05:15
[download]   0.0% of 40.58MiB at 280.90KiB/s ETA 02:27
[download]   0.1% of 40.58MiB at 322.67KiB/s ETA 02:08
[download]   0.2% of 40.58MiB at 141.84KiB/s ETA 04:52
[download]   0.3% of 40.58MiB at 169.41KiB/s ETA 04:04
[download]   0.6% of 40.58MiB at 162.22KiB/s ETA 04:14
[download]   1.0% of 40.58MiB at 155.71KiB/s ETA 04:24
[download]   1.3% of 40.58MiB at 143.32KiB/s ETA 04:46
[download]   1.6% of 40.58MiB at 134.43KiB/s ETA 05:04
[download]   1.9% of 40.58MiB at 135.97KiB/s ETA 04:59
[download]   2.2% of 40.58MiB at 134.97KiB/s ETA 05:01
[download]   2.5% of 40.58MiB at 135.55KiB/s ETA 04:58
[download]   2.9% of 40.58MiB at 136.45KiB/s ETA 04:55
[download]   3.2% of 40.58MiB at 139.91KiB/s ETA 04:47
[download]   3.6% of 40.58MiB at 145.21KiB/s ETA 04:35
[download]   4.1% of 40.58MiB at 143.27KiB/s ETA 04:38
[download]   4.4% of 40.58MiB at 140.06KiB/s ETA 04:43
[download]   4.7% of 40.58MiB at 139.47KiB/s ETA 04:43
[download]   5.0% of 40.58MiB at 142.25KiB/s ETA 04:37
[download]   5.5% of 40.58MiB at 141.91KiB/s ETA 04:36
[download]   5.8% of 40.58MiB at 141.26KiB/s ETA 04:36
[download]   6.2% of 40.58MiB at 138.94KiB/s ETA 04:40
[download]   6.4% of 40.58MiB at 139.52KiB/s ETA 04:38
[download]   6.8% of 40.58MiB at 130.69KiB/s ETA 04:56
[download]   7.0% of 40.58MiB at 129.62KiB/s ETA 04:58
[download]   7.2% of 40.58MiB at 129.76KiB/s ETA 04:57
[download]   7.5% of 40.58MiB at 129.79KiB/s ETA 04:56
[download]   7.9% of 40.58MiB at 129.22KiB/s ETA 04:56
[download]   8.1% of 40.58MiB at 127.48KiB/s ETA 04:59
[download]   8.4% of 40.58MiB at 126.89KiB/s ETA 05:00
[download]   8.6% of 40.58MiB at 127.22KiB/s ETA 04:58
[download]   9.0% of 40.58MiB at 127.46KiB/s ETA 04:56
[download]   9.3% of 40.58MiB at 127.24KiB/s ETA 04:56
[download]   9.6% of 40.58MiB at 127.87KiB/s ETA 04:53
[download]   9.9% of 40.58MiB at 127.01KiB/s ETA 04:54
[download]  10.2% of 40.58MiB at 126.76KiB/s ETA 04:54
[download]  10.5% of 40.58MiB at 125.90KiB/s ETA 04:55
[download]  10.7% of 40.58MiB at 125.93KiB/s ETA 04:54
[download]  11.0% of 40.58MiB at 125.95KiB/s ETA 04:53
[download]  11.3% of 40.58MiB at 125.76KiB/s ETA 04:52
[download]  11.6% of 40.58MiB at 126.35KiB/s ETA 04:50
[download]  12.0% of 40.58MiB at 127.29KiB/s ETA 04:47
[download]  12.4% of 40.58MiB at 125.86KiB/s ETA 04:49
[download]  12.6% of 40.58MiB at 125.88KiB/s ETA 04:48
[download]  12.9% of 40.58MiB at 126.04KiB/s ETA 04:47
[download]  13.2% of 40.58MiB at 125.37KiB/s ETA 04:47
[download]  13.5% of 40.58MiB at 125.57KiB/s ETA 04:46
[download]  13.8% of 40.58MiB at 125.77KiB/s ETA 04:44
[download]  14.1% of 40.58MiB at 126.22KiB/s ETA 04:42
[download]  14.5% of 40.58MiB at 125.55KiB/s ETA 04:42
[download]  14.8% of 40.58MiB at 126.27KiB/s ETA 04:40
[download]  15.2% of 40.58MiB at 126.90KiB/s ETA 04:37
[download]  15.6% of 40.58MiB at 125.57KiB/s ETA 04:39
[download]  15.8% of 40.58MiB at 125.25KiB/s ETA 04:39
[download]  16.0% of 40.58MiB at 125.25KiB/s ETA 04:38
[download]  16.3% of 40.58MiB at 125.43KiB/s ETA 04:37
[download]  16.7% of 40.58MiB at 125.17KiB/s ETA 04:36
[download]  16.9% of 40.58MiB at 125.95KiB/s ETA 04:34
[download]  17.4% of 40.58MiB at 126.89KiB/s ETA 04:30
[download]  17.8% of 40.58MiB at 126.88KiB/s ETA 04:29
[download]  18.1% of 40.58MiB at 127.57KiB/s ETA 04:26
[download]  18.6% of 40.58MiB at 128.59KiB/s ETA 04:23
[download]  19.0% of 40.58MiB at 129.29KiB/s ETA 04:20
[download]  19.4% of 40.58MiB at 129.66KiB/s ETA 04:18
[download]  19.8% of 40.58MiB at 129.81KiB/s ETA 04:16
[download]  20.1% of 40.58MiB at 130.12KiB/s ETA 04:15
[download]  20.5% of 40.58MiB at 130.46KiB/s ETA 04:13
[download]  20.9% of 40.58MiB at 130.34KiB/s ETA 04:12
[download]  21.2% of 40.58MiB at 130.22KiB/s ETA 04:11
[download]  21.5% of 40.58MiB at 129.86KiB/s ETA 04:11
[download]  21.7% of 40.58MiB at 129.63KiB/s ETA 04:10
[download]  22.0% of 40.58MiB at 129.57KiB/s ETA 04:10
[download]  22.3% of 40.58MiB at 129.44KiB/s ETA 04:09
[download]  22.6% of 40.58MiB at 129.45KiB/s ETA 04:08
[download]  22.9% of 40.58MiB at 129.64KiB/s ETA 04:07
[download]  23.3% of 40.58MiB at 130.52KiB/s ETA 04:04
[download]  23.8% of 40.58MiB at 131.06KiB/s ETA 04:01
[download]  24.2% of 40.58MiB at 131.24KiB/s ETA 03:59
[download]  24.5% of 40.58MiB at 132.05KiB/s ETA 03:57
[download]  25.1% of 40.58MiB at 132.98KiB/s ETA 03:54
[download]  25.6% of 40.58MiB at 133.34KiB/s ETA 03:51
[download]  25.9% of 40.58MiB at 134.07KiB/s ETA 03:49
[download]  26.5% of 40.58MiB at 134.67KiB/s ETA 03:46
[download]  26.9% of 40.58MiB at 135.39KiB/s ETA 03:44
[download]  27.4% of 40.58MiB at 136.04KiB/s ETA 03:41
[download]  27.8% of 40.58MiB at 136.22KiB/s ETA 03:40
[download]  28.2% of 40.58MiB at 136.40KiB/s ETA 03:38
[download]  28.5% of 40.58MiB at 137.00KiB/s ETA 03:36
[download]  29.0% of 40.58MiB at 137.50KiB/s ETA 03:34
[download]  29.5% of 40.58MiB at 138.00KiB/s ETA 03:32
[download]  29.9% of 40.58MiB at 138.44KiB/s ETA 03:30
[download]  30.3% of 40.58MiB at 138.87KiB/s ETA 03:28
[download]  30.7% of 40.58MiB at 139.28KiB/s ETA 03:26
[download]  31.2% of 40.58MiB at 139.86KiB/s ETA 03:24
[download]  31.7% of 40.58MiB at 140.45KiB/s ETA 03:22
[download]  32.1% of 40.58MiB at 140.77KiB/s ETA 03:20
[download]  32.5% of 40.58MiB at 141.16KiB/s ETA 03:18
[download]  33.0% of 40.58MiB at 141.50KiB/s ETA 03:16
[download]  33.4% of 40.58MiB at 141.85KiB/s ETA 03:15
[download]  33.8% of 40.58MiB at 141.98KiB/s ETA 03:13
[download]  34.2% of 40.58MiB at 142.21KiB/s ETA 03:12
[download]  34.6% of 40.58MiB at 142.72KiB/s ETA 03:10
[download]  35.1% of 40.58MiB at 142.54KiB/s ETA 03:09
[download]  35.4% of 40.58MiB at 142.91KiB/s ETA 03:07
[download]  35.9% of 40.58MiB at 143.26KiB/s ETA 03:06
[download]  36.3% of 40.58MiB at 143.64KiB/s ETA 03:04
[download]  36.7% of 40.58MiB at 144.65KiB/s ETA 03:01
[download]  37.5% of 40.58MiB at 145.61KiB/s ETA 02:58
[download]  38.0% of 40.58MiB at 145.85KiB/s ETA 02:56
[download]  38.4% of 40.58MiB at 146.01KiB/s ETA 02:55
[download]  38.8% of 40.58MiB at 146.31KiB/s ETA 02:53
[download]  39.3% of 40.58MiB at 146.33KiB/s ETA 02:52
[download]  39.6% of 40.58MiB at 146.41KiB/s ETA 02:51
[download]  40.0% of 40.58MiB at 146.73KiB/s ETA 02:49
[download]  40.5% of 40.58MiB at 147.01KiB/s ETA 02:48
[download]  40.9% of 40.58MiB at 147.64KiB/s ETA 02:46
[download]  41.5% of 40.58MiB at 147.54KiB/s ETA 02:44
[download]  41.8% of 40.58MiB at 147.67KiB/s ETA 02:43
[download]  42.2% of 40.58MiB at 147.56KiB/s ETA 02:42
[download]  42.6% of 40.58MiB at 147.60KiB/s ETA 02:41
[download]  42.9% of 40.58MiB at 148.13KiB/s ETA 02:40
[download]  43.5% of 40.58MiB at 148.66KiB/s ETA 02:37
[download]  44.0% of 40.58MiB at 148.62KiB/s ETA 02:36
[download]  44.4% of 40.58MiB at 148.86KiB/s ETA 02:35
[download]  44.8% of 40.58MiB at 149.30KiB/s ETA 02:33
[download]  45.3% of 40.58MiB at 149.69KiB/s ETA 02:31
[download]  45.8% of 40.58MiB at 150.01KiB/s ETA 02:30
[download]  46.2% of 40.58MiB at 150.46KiB/s ETA 02:28
[download]  46.8% of 40.58MiB at 151.07KiB/s ETA 02:26
[download]  47.3% of 40.58MiB at 151.58KiB/s ETA 02:24
[download]  47.8% of 40.58MiB at 151.82KiB/s ETA 02:22
[download]  48.3% of 40.58MiB at 151.91KiB/s ETA 02:21
[download]  48.7% of 40.58MiB at 151.73KiB/s ETA 02:20
[download]  49.0% of 40.58MiB at 151.82KiB/s ETA 02:19
[download]  49.4% of 40.58MiB at 152.04KiB/s ETA 02:18
[download]  49.8% of 40.58MiB at 152.23KiB/s ETA 02:16
[download]  50.2% of 40.58MiB at 152.15KiB/s ETA 02:15
[download]  50.6% of 40.58MiB at 152.27KiB/s ETA 02:14
[download]  51.0% of 40.58MiB at 152.38KiB/s ETA 02:13
[download]  51.4% of 40.58MiB at 152.59KiB/s ETA 02:12
[download]  51.8% of 40.58MiB at 152.63KiB/s ETA 02:11
[download]  52.2% of 40.58MiB at 152.47KiB/s ETA 02:10
[download]  52.5% of 40.58MiB at 152.84KiB/s ETA 02:09
[download]  53.2% of 40.58MiB at 153.29KiB/s ETA 02:06
[download]  53.6% of 40.58MiB at 153.57KiB/s ETA 02:05
[download]  54.1% of 40.58MiB at 153.96KiB/s ETA 02:03
[download]  54.6% of 40.58MiB at 154.57KiB/s ETA 02:01
[download]  55.3% of 40.58MiB at 155.18KiB/s ETA 01:59
[download]  55.8% of 40.58MiB at 155.84KiB/s ETA 01:57
[download]  56.5% of 40.58MiB at 156.17KiB/s ETA 01:55
[download]  56.9% of 40.58MiB at 156.07KiB/s ETA 01:54
[download]  57.3% of 40.58MiB at 155.83KiB/s ETA 01:53
[download]  57.6% of 40.58MiB at 155.96KiB/s ETA 01:53
[download]  58.0% of 40.58MiB at 156.06KiB/s ETA 01:51
[download]  58.4% of 40.58MiB at 156.05KiB/s ETA 01:50
[download]  58.8% of 40.58MiB at 156.35KiB/s ETA 01:49
[download]  59.4% of 40.58MiB at 156.54KiB/s ETA 01:47
[download]  59.8% of 40.58MiB at 156.77KiB/s ETA 01:46
[download]  60.3% of 40.58MiB at 157.13KiB/s ETA 01:45
[download]  60.8% of 40.58MiB at 157.78KiB/s ETA 01:43
[download]  61.5% of 40.58MiB at 158.17KiB/s ETA 01:41
[download]  62.0% of 40.58MiB at 158.74KiB/s ETA 01:39
[download]  62.7% of 40.58MiB at 159.27KiB/s ETA 01:37
[download]  63.2% of 40.58MiB at 159.80KiB/s ETA 01:35
[download]  63.9% of 40.58MiB at 160.30KiB/s ETA 01:33
[download]  64.4% of 40.58MiB at 160.54KiB/s ETA 01:32
[download]  64.9% of 40.58MiB at 160.85KiB/s ETA 01:30
[download]  65.4% of 40.58MiB at 161.13KiB/s ETA 01:29
[download]  65.9% of 40.58MiB at 161.59KiB/s ETA 01:27
[download]  66.5% of 40.58MiB at 161.30KiB/s ETA 01:26
[download]  66.9% of 40.58MiB at 161.39KiB/s ETA 01:25
[download]  67.3% of 40.58MiB at 161.67KiB/s ETA 01:24
[download]  67.8% of 40.58MiB at 162.01KiB/s ETA 01:22
[download]  68.4% of 40.58MiB at 162.12KiB/s ETA 01:21
[download]  68.8% of 40.58MiB at 162.08KiB/s ETA 01:20
[download]  69.2% of 40.58MiB at 162.27KiB/s ETA 01:18
[download]  69.7% of 40.58MiB at 162.52KiB/s ETA 01:17
[download]  70.2% of 40.58MiB at 162.47KiB/s ETA 01:16
[download]  70.5% of 40.58MiB at 162.58KiB/s ETA 01:15
[download]  71.0% of 40.58MiB at 162.65KiB/s ETA 01:14
[download]  71.4% of 40.58MiB at 162.95KiB/s ETA 01:12
[download]  72.0% of 40.58MiB at 163.11KiB/s ETA 01:11
[download]  72.4% of 40.58MiB at 163.31KiB/s ETA 01:10
[download]  72.9% of 40.58MiB at 163.28KiB/s ETA 01:08
[download]  73.3% of 40.58MiB at 163.67KiB/s ETA 01:07
[download]  74.0% of 40.58MiB at 164.26KiB/s ETA 01:05
[download]  74.6% of 40.58MiB at 164.63KiB/s ETA 01:04
[download]  75.2% of 40.58MiB at 164.58KiB/s ETA 01:02
[download]  75.6% of 40.58MiB at 164.75KiB/s ETA 01:01
[download]  76.1% of 40.58MiB at 164.79KiB/s ETA 01:00
[download]  76.5% of 40.58MiB at 164.80KiB/s ETA 00:59
[download]  76.9% of 40.58MiB at 164.74KiB/s ETA 00:58
[download]  77.2% of 40.58MiB at 164.55KiB/s ETA 00:57
[download]  77.6% of 40.58MiB at 164.21KiB/s ETA 00:56
[download]  77.8% of 40.58MiB at 164.23KiB/s ETA 00:56
[download]  78.2% of 40.58MiB at 164.01KiB/s ETA 00:55
[download]  78.5% of 40.58MiB at 163.93KiB/s ETA 00:54
[download]  78.9% of 40.58MiB at 163.59KiB/s ETA 00:53
[download]  79.2% of 40.58MiB at 163.42KiB/s ETA 00:52
[download]  79.5% of 40.58MiB at 163.19KiB/s ETA 00:52
[download]  79.8% of 40.58MiB at 163.00KiB/s ETA 00:51
[download]  80.1% of 40.58MiB at 163.00KiB/s ETA 00:50
[download]  80.4% of 40.58MiB at 162.97KiB/s ETA 00:49
[download]  80.8% of 40.58MiB at 162.43KiB/s ETA 00:49
[download]  81.1% of 40.58MiB at 162.37KiB/s ETA 00:48
[download]  81.4% of 40.58MiB at 162.39KiB/s ETA 00:47
[download]  81.8% of 40.58MiB at 162.36KiB/s ETA 00:46
[download]  82.2% of 40.58MiB at 162.55KiB/s ETA 00:45
[download]  82.7% of 40.58MiB at 162.84KiB/s ETA 00:44
[download]  83.2% of 40.58MiB at 162.82KiB/s ETA 00:42
[download]  83.6% of 40.58MiB at 162.63KiB/s ETA 00:41
[download]  83.9% of 40.58MiB at 162.46KiB/s ETA 00:41
[download]  84.2% of 40.58MiB at 162.42KiB/s ETA 00:40
[download]  84.6% of 40.58MiB at 162.35KiB/s ETA 00:39
[download]  85.0% of 40.58MiB at 162.27KiB/s ETA 00:38
[download]  85.3% of 40.58MiB at 162.29KiB/s ETA 00:37
[download]  85.7% of 40.58MiB at 162.31KiB/s ETA 00:36
[download]  86.1% of 40.58MiB at 162.36KiB/s ETA 00:35
[download]  86.5% of 40.58MiB at 162.37KiB/s ETA 00:34
[download]  86.9% of 40.58MiB at 162.31KiB/s ETA 00:33
[download]  87.3% of 40.58MiB at 162.31KiB/s ETA 00:32
[download]  87.7% of 40.58MiB at 162.22KiB/s ETA 00:31
[download]  88.0% of 40.58MiB at 162.37KiB/s ETA 00:30
[download]  88.5% of 40.58MiB at 162.32KiB/s ETA 00:29
[download]  88.9% of 40.58MiB at 162.09KiB/s ETA 00:28
[download]  89.2% of 40.58MiB at 162.07KiB/s ETA 00:27
[download]  89.6% of 40.58MiB at 161.95KiB/s ETA 00:26
[download]  89.9% of 40.58MiB at 161.87KiB/s ETA 00:25
[download]  90.3% of 40.58MiB at 161.91KiB/s ETA 00:25
[download]  90.7% of 40.58MiB at 162.16KiB/s ETA 00:23
[download]  91.3% of 40.58MiB at 162.10KiB/s ETA 00:22
[download]  91.6% of 40.58MiB at 162.03KiB/s ETA 00:21
[download]  92.0% of 40.58MiB at 161.88KiB/s ETA 00:20
[download]  92.3% of 40.58MiB at 161.78KiB/s ETA 00:19
[download]  92.6% of 40.58MiB at 161.54KiB/s ETA 00:18
[download]  92.9% of 40.58MiB at 161.30KiB/s ETA 00:18
[download]  93.2% of 40.58MiB at 161.14KiB/s ETA 00:17
[download]  93.4% of 40.58MiB at 161.14KiB/s ETA 00:16
[download]  93.8% of 40.58MiB at 161.17KiB/s ETA 00:15
[download]  94.2% of 40.58MiB at 161.26KiB/s ETA 00:14
[download]  94.7% of 40.58MiB at 161.22KiB/s ETA 00:13
[download]  95.0% of 40.58MiB at 161.23KiB/s ETA 00:12
[download]  95.4% of 40.58MiB at 161.22KiB/s ETA 00:11
[download]  95.8% of 40.58MiB at 160.93KiB/s ETA 00:10
[download]  96.1% of 40.58MiB at 160.67KiB/s ETA 00:10
[download]  96.3% of 40.58MiB at 160.67KiB/s ETA 00:09
[download]  96.7% of 40.58MiB at 160.78KiB/s ETA 00:08
[download]  97.2% of 40.58MiB at 161.00KiB/s ETA 00:07
[download]  97.7% of 40.58MiB at 161.11KiB/s ETA 00:05
[download]  98.2% of 40.58MiB at 160.99KiB/s ETA 00:04
[download]  98.5% of 40.58MiB at 160.67KiB/s ETA 00:03
[download]  98.7% of 40.58MiB at 160.27KiB/s ETA 00:03
[download]  98.9% of 40.58MiB at 160.28KiB/s ETA 00:02
[download]  99.3% of 40.58MiB at 160.24KiB/s ETA 00:01
[download]  99.7% of 40.58MiB at 160.32KiB/s ETA 00:00
[download] 100.0% of 40.58MiB at 160.37KiB/s ETA 00:00
[download] 100% of 40.58MiB in 04:19
[download] Destination: There Is A New Conspiracy Afoot… And Apaw-e390alJS5ys.f171.webm
[download]   0.0% of 3.60MiB at 17.24KiB/s ETA 03:34
[download]   0.1% of 3.60MiB at 51.44KiB/s ETA 01:11
[download]   0.2% of 3.60MiB at 119.60KiB/s ETA 00:30
[download]   0.4% of 3.60MiB at 255.42KiB/s ETA 00:14
[download]   0.8% of 3.60MiB at 190.69KiB/s ETA 00:19
[download]   1.7% of 3.60MiB at 186.46KiB/s ETA 00:19
[download]   3.4% of 3.60MiB at 173.97KiB/s ETA 00:20
[download]   6.9% of 3.60MiB at 200.76KiB/s ETA 00:17
[download]  13.3% of 3.60MiB at 195.02KiB/s ETA 00:16
[download]  18.5% of 3.60MiB at 178.05KiB/s ETA 00:16
[download]  22.4% of 3.60MiB at 184.96KiB/s ETA 00:15
[download]  28.5% of 3.60MiB at 188.21KiB/s ETA 00:14
[download]  34.0% of 3.60MiB at 185.29KiB/s ETA 00:13
[download]  38.6% of 3.60MiB at 183.14KiB/s ETA 00:12
[download]  43.2% of 3.60MiB at 172.69KiB/s ETA 00:12
[download]  46.3% of 3.60MiB at 175.43KiB/s ETA 00:11
[download]  52.4% of 3.60MiB at 173.23KiB/s ETA 00:10
[download]  56.7% of 3.60MiB at 171.74KiB/s ETA 00:09
[download]  60.9% of 3.60MiB at 170.65KiB/s ETA 00:08
[download]  65.2% of 3.60MiB at 169.11KiB/s ETA 00:07
[download]  69.2% of 3.60MiB at 169.89KiB/s ETA 00:06
[download]  74.2% of 3.60MiB at 169.19KiB/s ETA 00:05
[download]  78.5% of 3.60MiB at 167.06KiB/s ETA 00:04
[download]  82.3% of 3.60MiB at 164.73KiB/s ETA 00:03
[download]  85.7% of 3.60MiB at 164.93KiB/s ETA 00:03
[download]  90.3% of 3.60MiB at 163.54KiB/s ETA 00:02
[download]  94.1% of 3.60MiB at 161.46KiB/s ETA 00:01
[download]  97.5% of 3.60MiB at 160.97KiB/s ETA 00:00
[download] 100.0% of 3.60MiB at 161.82KiB/s ETA 00:00
[download] 100% of 3.60MiB in 00:22
[ffmpeg] Merging formats into "There Is A New Conspiracy Afoot… And Apaw-e390alJS5ys.mkv"
Deleting original file There Is A New Conspiracy Afoot… And Apaw-e390alJS5ys.f136.mp4 (pass -k to keep)
Deleting original file There Is A New Conspiracy Afoot… And Apaw-e390alJS5ys.f171.webm (pass -k to keep)
[download] Downloading video 3 of 7
[youtube] 0ga1HlhTmOg: Downloading webpage
[youtube] 0ga1HlhTmOg: Downloading video info webpage
[youtube] 0ga1HlhTmOg: Extracting video information
[youtube] 0ga1HlhTmOg: Downloading MPD manifest
[info] Writing video description metadata as JSON to: Sally Field Knows A Thing Or Two About Kissing-0ga1HlhTmOg.info.json
[download] Destination: Sally Field Knows A Thing Or Two About Kissing-0ga1HlhTmOg.f136.mp4
[download]   0.0% of 48.88MiB at  3.33KiB/s ETA 04:10:37
[download]   0.0% of 48.88MiB at  9.98KiB/s ETA 01:23:36
[download]   0.0% of 48.88MiB at 23.26KiB/s ETA 35:51
[download]   0.0% of 48.88MiB at 49.81KiB/s ETA 16:44
[download]   0.1% of 48.88MiB at 66.02KiB/s ETA 12:37
[download]   0.1% of 48.88MiB at 75.43KiB/s ETA 11:02
[download]   0.3% of 48.88MiB at 100.04KiB/s ETA 08:19
[download]   0.5% of 48.88MiB at 128.03KiB/s ETA 06:28
[download]   0.9% of 48.88MiB at 142.52KiB/s ETA 05:48
[download]   1.2% of 48.88MiB at 145.39KiB/s ETA 05:40
[download]   1.5% of 48.88MiB at 140.75KiB/s ETA 05:50
[download]   1.8% of 48.88MiB at 135.91KiB/s ETA 06:01
[download]   2.0% of 48.88MiB at 127.92KiB/s ETA 06:23
[download]   2.2% of 48.88MiB at 127.10KiB/s ETA 06:25
[download]   2.4% of 48.88MiB at 127.92KiB/s ETA 06:21
[download]   2.7% of 48.88MiB at 129.30KiB/s ETA 06:16
[download]   3.0% of 48.88MiB at 133.52KiB/s ETA 06:03
[download]   3.3% of 48.88MiB at 133.74KiB/s ETA 06:01
[download]   3.6% of 48.88MiB at 136.64KiB/s ETA 05:53
[download]   4.0% of 48.88MiB at 138.59KiB/s ETA 05:46
[download]   4.3% of 48.88MiB at 141.15KiB/s ETA 05:39
[download]   4.7% of 48.88MiB at 145.21KiB/s ETA 05:28
[download]   5.1% of 48.88MiB at 150.42KiB/s ETA 05:15
[download]   5.6% of 48.88MiB at 154.88KiB/s ETA 05:05
[download]   6.0% of 48.88MiB at 157.92KiB/s ETA 04:57
[download]   6.5% of 48.88MiB at 159.64KiB/s ETA 04:53
[download]   6.8% of 48.88MiB at 158.95KiB/s ETA 04:53
[download]   7.1% of 48.88MiB at 156.41KiB/s ETA 04:57
[download]   7.4% of 48.88MiB at 156.71KiB/s ETA 04:55
[download]   7.7% of 48.88MiB at 157.50KiB/s ETA 04:53
[download]   8.0% of 48.88MiB at 158.39KiB/s ETA 04:50
[download]   8.4% of 48.88MiB at 157.97KiB/s ETA 04:50
[download]   8.7% of 48.88MiB at 157.33KiB/s ETA 04:50
[download]   9.0% of 48.88MiB at 157.53KiB/s ETA 04:49
[download]   9.3% of 48.88MiB at 157.02KiB/s ETA 04:49
[download]   9.6% of 48.88MiB at 157.47KiB/s ETA 04:47
[download]  10.0% of 48.88MiB at 159.14KiB/s ETA 04:43
[download]  10.4% of 48.88MiB at 159.54KiB/s ETA 04:41
[download]  10.7% of 48.88MiB at 159.28KiB/s ETA 04:40
[download]  11.0% of 48.88MiB at 160.82KiB/s ETA 04:36
[download]  11.5% of 48.88MiB at 159.98KiB/s ETA 04:36
[download]  11.8% of 48.88MiB at 160.62KiB/s ETA 04:34
[download]  12.2% of 48.88MiB at 160.45KiB/s ETA 04:33
[download]  12.5% of 48.88MiB at 160.35KiB/s ETA 04:33
[download]  12.8% of 48.88MiB at 161.40KiB/s ETA 04:30
[download]  13.3% of 48.88MiB at 161.62KiB/s ETA 04:28
[download]  13.6% of 48.88MiB at 162.16KiB/s ETA 04:26
[download]  14.0% of 48.88MiB at 163.95KiB/s ETA 04:22
[download]  14.5% of 48.88MiB at 165.38KiB/s ETA 04:18
[download]  14.9% of 48.88MiB at 167.12KiB/s ETA 04:14
[download]  15.5% of 48.88MiB at 168.10KiB/s ETA 04:11
[download]  15.9% of 48.88MiB at 166.16KiB/s ETA 04:13
[download]  16.1% of 48.88MiB at 166.06KiB/s ETA 04:12
[download]  16.4% of 48.88MiB at 166.20KiB/s ETA 04:11
[download]  16.8% of 48.88MiB at 167.98KiB/s ETA 04:07
[download]  17.4% of 48.88MiB at 172.08KiB/s ETA 04:00
[download]  18.3% of 48.88MiB at 174.09KiB/s ETA 03:54
[download]  18.8% of 48.88MiB at 175.51KiB/s ETA 03:51
[download]  19.3% of 48.88MiB at 177.11KiB/s ETA 03:48
[download]  19.8% of 48.88MiB at 177.69KiB/s ETA 03:45
[download]  20.2% of 48.88MiB at 177.07KiB/s ETA 03:45
[download]  20.5% of 48.88MiB at 177.22KiB/s ETA 03:44
[download]  20.9% of 48.88MiB at 176.90KiB/s ETA 03:43
[download]  21.2% of 48.88MiB at 176.50KiB/s ETA 03:43
[download]  21.5% of 48.88MiB at 176.84KiB/s ETA 03:42
[download]  21.9% of 48.88MiB at 176.64KiB/s ETA 03:41
[download]  22.3% of 48.88MiB at 176.20KiB/s ETA 03:40
[download]  22.6% of 48.88MiB at 176.50KiB/s ETA 03:39
[download]  23.0% of 48.88MiB at 176.30KiB/s ETA 03:38
[download]  23.3% of 48.88MiB at 175.26KiB/s ETA 03:39
[download]  23.5% of 48.88MiB at 175.97KiB/s ETA 03:37
[download]  24.0% of 48.88MiB at 177.06KiB/s ETA 03:34
[download]  24.5% of 48.88MiB at 177.14KiB/s ETA 03:33
[download]  24.9% of 48.88MiB at 177.83KiB/s ETA 03:31
[download]  25.4% of 48.88MiB at 178.09KiB/s ETA 03:29
[download]  25.8% of 48.88MiB at 177.03KiB/s ETA 03:29
[download]  26.0% of 48.88MiB at 175.91KiB/s ETA 03:30
[download]  26.2% of 48.88MiB at 176.01KiB/s ETA 03:29
[download]  26.6% of 48.88MiB at 175.59KiB/s ETA 03:29
[download]  26.9% of 48.88MiB at 175.43KiB/s ETA 03:28
[download]  27.2% of 48.88MiB at 174.27KiB/s ETA 03:28
[download]  27.5% of 48.88MiB at 174.01KiB/s ETA 03:28
[download]  27.8% of 48.88MiB at 174.14KiB/s ETA 03:27
[download]  28.1% of 48.88MiB at 172.82KiB/s ETA 03:28
[download]  28.4% of 48.88MiB at 172.27KiB/s ETA 03:28
[download]  28.6% of 48.88MiB at 171.83KiB/s ETA 03:27
[download]  28.9% of 48.88MiB at 171.44KiB/s ETA 03:27
[download]  29.1% of 48.88MiB at 171.30KiB/s ETA 03:27
[download]  29.5% of 48.88MiB at 170.89KiB/s ETA 03:26
[download]  29.7% of 48.88MiB at 169.98KiB/s ETA 03:26
[download]  30.0% of 48.88MiB at 169.93KiB/s ETA 03:26
[download]  30.3% of 48.88MiB at 168.34KiB/s ETA 03:27
[download]  30.5% of 48.88MiB at 167.88KiB/s ETA 03:27
[download]  30.7% of 48.88MiB at 166.72KiB/s ETA 03:28
[download]  30.9% of 48.88MiB at 166.10KiB/s ETA 03:28
[download]  31.1% of 48.88MiB at 165.35KiB/s ETA 03:28
[download]  31.3% of 48.88MiB at 164.68KiB/s ETA 03:28
[download]  31.5% of 48.88MiB at 163.76KiB/s ETA 03:29
[download]  31.6% of 48.88MiB at 163.88KiB/s ETA 03:28
[download]  32.0% of 48.88MiB at 164.11KiB/s ETA 03:27
[download]  32.4% of 48.88MiB at 163.48KiB/s ETA 03:27
[download]  32.6% of 48.88MiB at 162.86KiB/s ETA 03:27
[download]  32.8% of 48.88MiB at 161.33KiB/s ETA 03:28
[download]  33.0% of 48.88MiB at 160.96KiB/s ETA 03:28
[download]  33.2% of 48.88MiB at 160.51KiB/s ETA 03:28
[download]  33.4% of 48.88MiB at 160.14KiB/s ETA 03:28
[download]  33.6% of 48.88MiB at 159.90KiB/s ETA 03:27
[download]  33.9% of 48.88MiB at 160.11KiB/s ETA 03:26
[download]  34.3% of 48.88MiB at 159.45KiB/s ETA 03:26
[download]  34.5% of 48.88MiB at 158.94KiB/s ETA 03:26
[download]  34.7% of 48.88MiB at 158.10KiB/s ETA 03:26
[download]  34.9% of 48.88MiB at 157.70KiB/s ETA 03:26
[download]  35.1% of 48.88MiB at 157.10KiB/s ETA 03:26
[download]  35.3% of 48.88MiB at 156.11KiB/s ETA 03:27
[download]  35.4% of 48.88MiB at 155.45KiB/s ETA 03:27
[download]  35.6% of 48.88MiB at 155.38KiB/s ETA 03:27
[download]  35.9% of 48.88MiB at 154.69KiB/s ETA 03:27
[download]  36.1% of 48.88MiB at 154.03KiB/s ETA 03:27
[download]  36.2% of 48.88MiB at 153.60KiB/s ETA 03:27
[download]  36.4% of 48.88MiB at 153.27KiB/s ETA 03:27
[download]  36.7% of 48.88MiB at 153.41KiB/s ETA 03:26
[download]  37.0% of 48.88MiB at 152.32KiB/s ETA 03:26
[download]  37.2% of 48.88MiB at 151.94KiB/s ETA 03:26
[download]  37.4% of 48.88MiB at 151.78KiB/s ETA 03:26
[download]  37.6% of 48.88MiB at 151.30KiB/s ETA 03:26
[download]  37.9% of 48.88MiB at 151.16KiB/s ETA 03:25
[download]  38.1% of 48.88MiB at 150.73KiB/s ETA 03:25
[download]  38.3% of 48.88MiB at 150.86KiB/s ETA 03:24
[download]  38.7% of 48.88MiB at 150.88KiB/s ETA 03:23
[download]  39.0% of 48.88MiB at 150.71KiB/s ETA 03:22
[download]  39.3% of 48.88MiB at 150.87KiB/s ETA 03:21
[download]  39.6% of 48.88MiB at 149.84KiB/s ETA 03:21
[download]  39.8% of 48.88MiB at 149.81KiB/s ETA 03:21
[download]  40.1% of 48.88MiB at 149.80KiB/s ETA 03:20
[download]  40.4% of 48.88MiB at 150.13KiB/s ETA 03:18
[download]  40.8% of 48.88MiB at 149.32KiB/s ETA 03:18
[download]  41.0% of 48.88MiB at 148.82KiB/s ETA 03:18
[download]  41.2% of 48.88MiB at 148.05KiB/s ETA 03:18
[download]  41.3% of 48.88MiB at 147.83KiB/s ETA 03:18
[download]  41.5% of 48.88MiB at 147.24KiB/s ETA 03:18
[download]  41.7% of 48.88MiB at 147.17KiB/s ETA 03:18
[download]  42.0% of 48.88MiB at 147.50KiB/s ETA 03:16
[download]  42.4% of 48.88MiB at 147.66KiB/s ETA 03:15
[download]  42.7% of 48.88MiB at 147.34KiB/s ETA 03:14
[download]  43.0% of 48.88MiB at 147.20KiB/s ETA 03:13
[download]  43.2% of 48.88MiB at 147.24KiB/s ETA 03:12
[download]  43.5% of 48.88MiB at 147.23KiB/s ETA 03:11
[download]  43.8% of 48.88MiB at 146.95KiB/s ETA 03:11
[download]  44.1% of 48.88MiB at 146.08KiB/s ETA 03:11
[download]  44.2% of 48.88MiB at 145.90KiB/s ETA 03:11
[download]  44.4% of 48.88MiB at 145.57KiB/s ETA 03:11
[download]  44.6% of 48.88MiB at 145.15KiB/s ETA 03:11
[download]  44.8% of 48.88MiB at 145.00KiB/s ETA 03:10
[download]  45.0% of 48.88MiB at 144.98KiB/s ETA 03:09
[download]  45.3% of 48.88MiB at 145.19KiB/s ETA 03:08
[download]  45.7% of 48.88MiB at 145.28KiB/s ETA 03:07
[download]  46.0% of 48.88MiB at 145.07KiB/s ETA 03:06
[download]  46.2% of 48.88MiB at 145.18KiB/s ETA 03:05
[download]  46.6% of 48.88MiB at 144.53KiB/s ETA 03:05
[download]  46.7% of 48.88MiB at 144.73KiB/s ETA 03:04
[download]  47.1% of 48.88MiB at 144.52KiB/s ETA 03:03
[download]  47.3% of 48.88MiB at 144.48KiB/s ETA 03:02
[download]  47.6% of 48.88MiB at 144.54KiB/s ETA 03:01
[download]  47.9% of 48.88MiB at 144.71KiB/s ETA 03:00
[download]  48.3% of 48.88MiB at 144.65KiB/s ETA 02:58
[download]  48.5% of 48.88MiB at 144.43KiB/s ETA 02:58
[download]  48.8% of 48.88MiB at 144.30KiB/s ETA 02:57
[download]  49.0% of 48.88MiB at 144.28KiB/s ETA 02:56
[download]  49.3% of 48.88MiB at 144.04KiB/s ETA 02:56
[download]  49.5% of 48.88MiB at 143.25KiB/s ETA 02:56
[download]  49.6% of 48.88MiB at 143.20KiB/s ETA 02:55
[download]  49.9% of 48.88MiB at 142.78KiB/s ETA 02:55
[download]  50.1% of 48.88MiB at 142.83KiB/s ETA 02:54
[download]  50.4% of 48.88MiB at 142.52KiB/s ETA 02:54
[download]  50.6% of 48.88MiB at 142.72KiB/s ETA 02:53
[download]  51.0% of 48.88MiB at 142.92KiB/s ETA 02:51
[download]  51.4% of 48.88MiB at 143.10KiB/s ETA 02:50
[download]  51.7% of 48.88MiB at 143.36KiB/s ETA 02:48
[download]  52.1% of 48.88MiB at 143.62KiB/s ETA 02:46
[download]  52.5% of 48.88MiB at 143.69KiB/s ETA 02:45
[download]  52.8% of 48.88MiB at 143.62KiB/s ETA 02:44
[download]  53.1% of 48.88MiB at 143.35KiB/s ETA 02:43
[download]  53.3% of 48.88MiB at 143.39KiB/s ETA 02:43
[download]  53.6% of 48.88MiB at 143.35KiB/s ETA 02:42
[download]  53.9% of 48.88MiB at 143.28KiB/s ETA 02:41
[download]  54.1% of 48.88MiB at 143.24KiB/s ETA 02:40
[download]  54.4% of 48.88MiB at 143.17KiB/s ETA 02:39
[download]  54.7% of 48.88MiB at 142.87KiB/s ETA 02:38
[download]  54.9% of 48.88MiB at 142.91KiB/s ETA 02:38
[download]  55.2% of 48.88MiB at 142.68KiB/s ETA 02:37
[download]  55.4% of 48.88MiB at 142.70KiB/s ETA 02:36
[download]  55.7% of 48.88MiB at 142.66KiB/s ETA 02:35
[download]  56.0% of 48.88MiB at 142.80KiB/s ETA 02:34
[download]  56.3% of 48.88MiB at 142.93KiB/s ETA 02:32
[download]  56.6% of 48.88MiB at 142.96KiB/s ETA 02:31
[download]  56.9% of 48.88MiB at 142.86KiB/s ETA 02:30
[download]  57.2% of 48.88MiB at 142.94KiB/s ETA 02:29
[download]  57.5% of 48.88MiB at 142.92KiB/s ETA 02:28
[download]  57.8% of 48.88MiB at 143.09KiB/s ETA 02:27
[download]  58.2% of 48.88MiB at 143.10KiB/s ETA 02:26
[download]  58.5% of 48.88MiB at 142.87KiB/s ETA 02:25
[download]  58.7% of 48.88MiB at 142.88KiB/s ETA 02:24
[download]  59.0% of 48.88MiB at 142.89KiB/s ETA 02:23
[download]  59.3% of 48.88MiB at 143.04KiB/s ETA 02:22
[download]  59.6% of 48.88MiB at 142.78KiB/s ETA 02:21
[download]  59.8% of 48.88MiB at 142.71KiB/s ETA 02:20
[download]  60.1% of 48.88MiB at 142.70KiB/s ETA 02:19
[download]  60.4% of 48.88MiB at 142.81KiB/s ETA 02:18
[download]  60.7% of 48.88MiB at 142.83KiB/s ETA 02:17
[download]  61.0% of 48.88MiB at 142.97KiB/s ETA 02:16
[download]  61.4% of 48.88MiB at 142.79KiB/s ETA 02:15
[download]  61.6% of 48.88MiB at 142.55KiB/s ETA 02:14
[download]  61.8% of 48.88MiB at 142.62KiB/s ETA 02:14
[download]  62.1% of 48.88MiB at 142.65KiB/s ETA 02:12
[download]  62.4% of 48.88MiB at 142.79KiB/s ETA 02:11
[download]  62.8% of 48.88MiB at 143.01KiB/s ETA 02:10
[download]  63.2% of 48.88MiB at 143.36KiB/s ETA 02:08
[download]  63.7% of 48.88MiB at 143.44KiB/s ETA 02:06
[download]  64.0% of 48.88MiB at 143.34KiB/s ETA 02:05
[download]  64.2% of 48.88MiB at 143.30KiB/s ETA 02:04
[download]  64.5% of 48.88MiB at 142.74KiB/s ETA 02:04
[download]  64.6% of 48.88MiB at 142.63KiB/s ETA 02:04
[download]  64.8% of 48.88MiB at 142.46KiB/s ETA 02:03
[download]  65.1% of 48.88MiB at 142.50KiB/s ETA 02:02
[download]  65.4% of 48.88MiB at 142.54KiB/s ETA 02:01
[download]  65.7% of 48.88MiB at 142.49KiB/s ETA 02:00
[download]  65.9% of 48.88MiB at 142.44KiB/s ETA 01:59
[download]  66.2% of 48.88MiB at 142.18KiB/s ETA 01:58
[download]  66.4% of 48.88MiB at 142.03KiB/s ETA 01:58
[download]  66.6% of 48.88MiB at 142.01KiB/s ETA 01:57
[download]  66.9% of 48.88MiB at 141.92KiB/s ETA 01:56
[download]  67.1% of 48.88MiB at 141.64KiB/s ETA 01:56
[download]  67.3% of 48.88MiB at 141.33KiB/s ETA 01:55
[download]  67.5% of 48.88MiB at 141.30KiB/s ETA 01:55
[download]  67.7% of 48.88MiB at 141.48KiB/s ETA 01:54
[download]  68.1% of 48.88MiB at 141.42KiB/s ETA 01:52
[download]  68.4% of 48.88MiB at 141.48KiB/s ETA 01:51
[download]  68.7% of 48.88MiB at 141.24KiB/s ETA 01:50
[download]  68.9% of 48.88MiB at 141.06KiB/s ETA 01:50
[download]  69.1% of 48.88MiB at 141.01KiB/s ETA 01:49
[download]  69.4% of 48.88MiB at 140.89KiB/s ETA 01:48
[download]  69.6% of 48.88MiB at 140.81KiB/s ETA 01:48
[download]  69.8% of 48.88MiB at 140.67KiB/s ETA 01:47
[download]  70.1% of 48.88MiB at 140.70KiB/s ETA 01:46
[download]  70.4% of 48.88MiB at 140.66KiB/s ETA 01:45
[download]  70.6% of 48.88MiB at 140.50KiB/s ETA 01:44
[download]  70.8% of 48.88MiB at 140.50KiB/s ETA 01:43
[download]  71.1% of 48.88MiB at 140.45KiB/s ETA 01:42
[download]  71.4% of 48.88MiB at 140.33KiB/s ETA 01:42
[download]  71.6% of 48.88MiB at 140.33KiB/s ETA 01:41
[download]  71.9% of 48.88MiB at 140.42KiB/s ETA 01:40
[download]  72.2% of 48.88MiB at 140.39KiB/s ETA 01:38
[download]  72.5% of 48.88MiB at 140.41KiB/s ETA 01:38
[download]  72.8% of 48.88MiB at 140.34KiB/s ETA 01:37
[download]  73.0% of 48.88MiB at 140.33KiB/s ETA 01:36
[download]  73.3% of 48.88MiB at 140.32KiB/s ETA 01:35
[download]  73.6% of 48.88MiB at 140.20KiB/s ETA 01:34
[download]  73.8% of 48.88MiB at 140.18KiB/s ETA 01:33
[download]  74.1% of 48.88MiB at 140.21KiB/s ETA 01:32
[download]  74.4% of 48.88MiB at 140.21KiB/s ETA 01:31
[download]  74.7% of 48.88MiB at 140.07KiB/s ETA 01:30
[download]  74.9% of 48.88MiB at 139.89KiB/s ETA 01:29
[download]  75.1% of 48.88MiB at 139.73KiB/s ETA 01:29
[download]  75.3% of 48.88MiB at 139.54KiB/s ETA 01:28
[download]  75.5% of 48.88MiB at 139.54KiB/s ETA 01:28
[download]  75.7% of 48.88MiB at 139.52KiB/s ETA 01:27
[download]  76.0% of 48.88MiB at 139.58KiB/s ETA 01:26
[download]  76.3% of 48.88MiB at 139.71KiB/s ETA 01:24
[download]  76.7% of 48.88MiB at 139.75KiB/s ETA 01:23
[download]  77.0% of 48.88MiB at 139.49KiB/s ETA 01:22
[download]  77.2% of 48.88MiB at 139.46KiB/s ETA 01:21
[download]  77.4% of 48.88MiB at 139.30KiB/s ETA 01:21
[download]  77.6% of 48.88MiB at 139.14KiB/s ETA 01:20
[download]  77.8% of 48.88MiB at 139.00KiB/s ETA 01:19
[download]  78.0% of 48.88MiB at 139.05KiB/s ETA 01:19
[download]  78.3% of 48.88MiB at 139.11KiB/s ETA 01:17
[download]  78.7% of 48.88MiB at 139.13KiB/s ETA 01:16
[download]  78.9% of 48.88MiB at 139.30KiB/s ETA 01:15
[download]  79.4% of 48.88MiB at 139.66KiB/s ETA 01:13
[download]  79.9% of 48.88MiB at 139.83KiB/s ETA 01:11
[download]  80.2% of 48.88MiB at 140.15KiB/s ETA 01:10
[download]  80.8% of 48.88MiB at 140.23KiB/s ETA 01:08
[download]  81.1% of 48.88MiB at 140.29KiB/s ETA 01:07
[download]  81.4% of 48.88MiB at 140.32KiB/s ETA 01:06
[download]  81.7% of 48.88MiB at 140.36KiB/s ETA 01:05
[download]  82.0% of 48.88MiB at 140.44KiB/s ETA 01:03
[download]  82.4% of 48.88MiB at 140.52KiB/s ETA 01:02
[download]  82.7% of 48.88MiB at 140.31KiB/s ETA 01:01
[download]  82.9% of 48.88MiB at 140.29KiB/s ETA 01:00
[download]  83.2% of 48.88MiB at 140.12KiB/s ETA 01:00
[download]  83.4% of 48.88MiB at 139.81KiB/s ETA 00:59
[download]  83.5% of 48.88MiB at 139.84KiB/s ETA 00:58
[download]  83.8% of 48.88MiB at 139.91KiB/s ETA 00:57
[download]  84.1% of 48.88MiB at 140.10KiB/s ETA 00:56
[download]  84.6% of 48.88MiB at 140.28KiB/s ETA 00:55
[download]  85.0% of 48.88MiB at 140.41KiB/s ETA 00:53
[download]  85.3% of 48.88MiB at 140.52KiB/s ETA 00:52
[download]  85.7% of 48.88MiB at 140.64KiB/s ETA 00:51
[download]  86.0% of 48.88MiB at 140.73KiB/s ETA 00:49
[download]  86.3% of 48.88MiB at 140.79KiB/s ETA 00:48
[download]  86.7% of 48.88MiB at 140.97KiB/s ETA 00:47
[download]  87.1% of 48.88MiB at 140.97KiB/s ETA 00:45
[download]  87.4% of 48.88MiB at 141.10KiB/s ETA 00:44
[download]  87.8% of 48.88MiB at 140.90KiB/s ETA 00:43
[download]  88.0% of 48.88MiB at 140.42KiB/s ETA 00:42
[download]  88.1% of 48.88MiB at 140.36KiB/s ETA 00:42
[download]  88.3% of 48.88MiB at 140.51KiB/s ETA 00:41
[download]  88.7% of 48.88MiB at 140.58KiB/s ETA 00:40
[download]  89.0% of 48.88MiB at 140.55KiB/s ETA 00:39
[download]  89.3% of 48.88MiB at 140.30KiB/s ETA 00:38
[download]  89.5% of 48.88MiB at 140.09KiB/s ETA 00:37
[download]  89.6% of 48.88MiB at 140.07KiB/s ETA 00:37
[download]  89.9% of 48.88MiB at 139.83KiB/s ETA 00:36
[download]  90.1% of 48.88MiB at 139.58KiB/s ETA 00:35
[download]  90.2% of 48.88MiB at 138.85KiB/s ETA 00:35
[download]  90.3% of 48.88MiB at 138.76KiB/s ETA 00:35
[download]  90.4% of 48.88MiB at 138.73KiB/s ETA 00:34
[download]  90.7% of 48.88MiB at 138.64KiB/s ETA 00:33
[download]  90.9% of 48.88MiB at 138.52KiB/s ETA 00:32
[download]  91.1% of 48.88MiB at 138.22KiB/s ETA 00:32
[download]  91.2% of 48.88MiB at 138.04KiB/s ETA 00:31
[download]  91.4% of 48.88MiB at 137.82KiB/s ETA 00:31
[download]  91.5% of 48.88MiB at 137.67KiB/s ETA 00:30
[download]  91.7% of 48.88MiB at 137.65KiB/s ETA 00:30
[download]  91.9% of 48.88MiB at 137.54KiB/s ETA 00:29
[download]  92.2% of 48.88MiB at 137.29KiB/s ETA 00:28
[download]  92.3% of 48.88MiB at 137.17KiB/s ETA 00:28
[download]  92.5% of 48.88MiB at 137.12KiB/s ETA 00:27
[download]  92.7% of 48.88MiB at 137.07KiB/s ETA 00:26
[download]  93.0% of 48.88MiB at 137.00KiB/s ETA 00:25
[download]  93.2% of 48.88MiB at 136.92KiB/s ETA 00:24
[download]  93.4% of 48.88MiB at 136.96KiB/s ETA 00:24
[download]  93.7% of 48.88MiB at 137.14KiB/s ETA 00:22
[download]  94.2% of 48.88MiB at 136.78KiB/s ETA 00:21
[download]  94.4% of 48.88MiB at 136.81KiB/s ETA 00:20
[download]  94.7% of 48.88MiB at 136.69KiB/s ETA 00:19
[download]  94.9% of 48.88MiB at 136.69KiB/s ETA 00:18
[download]  95.2% of 48.88MiB at 136.77KiB/s ETA 00:17
[download]  95.5% of 48.88MiB at 137.02KiB/s ETA 00:16
[download]  96.1% of 48.88MiB at 137.49KiB/s ETA 00:14
[download]  96.8% of 48.88MiB at 137.82KiB/s ETA 00:11
[download]  97.2% of 48.88MiB at 137.23KiB/s ETA 00:10
[download]  97.4% of 48.88MiB at 136.97KiB/s ETA 00:09
[download]  97.5% of 48.88MiB at 136.96KiB/s ETA 00:09
[download]  97.8% of 48.88MiB at 136.87KiB/s ETA 00:08
[download]  98.0% of 48.88MiB at 136.72KiB/s ETA 00:07
[download]  98.2% of 48.88MiB at 136.74KiB/s ETA 00:06
[download]  98.5% of 48.88MiB at 136.82KiB/s ETA 00:05
[download]  98.8% of 48.88MiB at 136.88KiB/s ETA 00:04
[download]  99.1% of 48.88MiB at 136.91KiB/s ETA 00:03
[download]  99.4% of 48.88MiB at 136.70KiB/s ETA 00:02
[download]  99.6% of 48.88MiB at 136.44KiB/s ETA 00:01
[download]  99.7% of 48.88MiB at 136.49KiB/s ETA 00:00
[download] 100.0% of 48.88MiB at 136.59KiB/s ETA 00:00
[download] 100% of 48.88MiB in 06:06
[download] Destination: Sally Field Knows A Thing Or Two About Kissing-0ga1HlhTmOg.f251.webm
[download]   0.0% of 4.50MiB at  913.95B/s ETA 01:26:04
[download]   0.0% of 4.50MiB at  1.69KiB/s ETA 45:30
[download]   0.1% of 4.50MiB at  3.28KiB/s ETA 23:24
[download]   0.2% of 4.50MiB at  6.46KiB/s ETA 11:52
[download]   0.3% of 4.50MiB at 12.82KiB/s ETA 05:58
[download]   0.6% of 4.50MiB at 20.40KiB/s ETA 03:44
[download]   1.2% of 4.50MiB at 27.73KiB/s ETA 02:44
[download]   2.2% of 4.50MiB at 30.07KiB/s ETA 02:29
[download]   2.9% of 4.50MiB at 34.61KiB/s ETA 02:09
[download]   4.3% of 4.50MiB at 41.76KiB/s ETA 01:45
[download]   5.9% of 4.50MiB at 50.76KiB/s ETA 01:25
[download]   8.5% of 4.50MiB at 60.07KiB/s ETA 01:10
[download]  10.7% of 4.50MiB at 68.55KiB/s ETA 01:00
[download]  13.9% of 4.50MiB at 73.31KiB/s ETA 00:54
[download]  15.9% of 4.50MiB at 71.69KiB/s ETA 00:54
[download]  17.3% of 4.50MiB at 72.22KiB/s ETA 00:52
[download]  19.0% of 4.50MiB at 75.59KiB/s ETA 00:49
[download]  22.1% of 4.50MiB at 77.43KiB/s ETA 00:46
[download]  24.1% of 4.50MiB at 79.12KiB/s ETA 00:44
[download]  26.4% of 4.50MiB at 82.05KiB/s ETA 00:41
[download]  29.3% of 4.50MiB at 87.19KiB/s ETA 00:37
[download]  33.6% of 4.50MiB at 87.50KiB/s ETA 00:34
[download]  35.8% of 4.50MiB at 87.49KiB/s ETA 00:33
[download]  37.7% of 4.50MiB at 88.50KiB/s ETA 00:32
[download]  40.2% of 4.50MiB at 91.02KiB/s ETA 00:30
[download]  43.7% of 4.50MiB at 94.44KiB/s ETA 00:27
[download]  47.3% of 4.50MiB at 96.87KiB/s ETA 00:25
[download]  50.3% of 4.50MiB at 97.66KiB/s ETA 00:23
[download]  52.7% of 4.50MiB at 96.56KiB/s ETA 00:22
[download]  54.4% of 4.50MiB at 94.90KiB/s ETA 00:22
[download]  55.8% of 4.50MiB at 93.35KiB/s ETA 00:21
[download]  57.0% of 4.50MiB at 92.79KiB/s ETA 00:21
[download]  58.6% of 4.50MiB at 91.59KiB/s ETA 00:20
[download]  59.9% of 4.50MiB at 90.40KiB/s ETA 00:20
[download]  61.2% of 4.50MiB at 88.38KiB/s ETA 00:20
[download]  62.1% of 4.50MiB at 88.60KiB/s ETA 00:19
[download]  64.0% of 4.50MiB at 88.47KiB/s ETA 00:18
[download]  65.8% of 4.50MiB at 89.41KiB/s ETA 00:17
[download]  68.9% of 4.50MiB at 91.38KiB/s ETA 00:15
[download]  72.6% of 4.50MiB at 91.30KiB/s ETA 00:13
[download]  74.6% of 4.50MiB at 91.59KiB/s ETA 00:12
[download]  76.8% of 4.50MiB at 92.54KiB/s ETA 00:11
[download]  79.9% of 4.50MiB at 94.07KiB/s ETA 00:09
[download]  83.4% of 4.50MiB at 96.14KiB/s ETA 00:07
[download]  87.6% of 4.50MiB at 96.94KiB/s ETA 00:05
[download]  90.1% of 4.50MiB at 97.39KiB/s ETA 00:04
[download]  92.6% of 4.50MiB at 97.29KiB/s ETA 00:03
[download]  94.7% of 4.50MiB at 97.12KiB/s ETA 00:02
[download]  96.6% of 4.50MiB at 97.83KiB/s ETA 00:01
[download]  99.9% of 4.50MiB at 98.83KiB/s ETA 00:00
[download] 100.0% of 4.50MiB at 98.71KiB/s ETA 00:00
[download] 100% of 4.50MiB in 00:46
[ffmpeg] Merging formats into "Sally Field Knows A Thing Or Two About Kissing-0ga1HlhTmOg.mkv"
Deleting original file Sally Field Knows A Thing Or Two About Kissing-0ga1HlhTmOg.f136.mp4 (pass -k to keep)
Deleting original file Sally Field Knows A Thing Or Two About Kissing-0ga1HlhTmOg.f251.webm (pass -k to keep)
[download] Downloading video 4 of 7
[youtube] AQzNkt-DT8w: Downloading webpage
[youtube] AQzNkt-DT8w: Downloading video info webpage
[youtube] AQzNkt-DT8w: Extracting video information
[youtube] AQzNkt-DT8w: Downloading MPD manifest
[info] Writing video description metadata as JSON to: Sally Field Is A Lot Of Things-AQzNkt-DT8w.info.json
[download] Destination: Sally Field Is A Lot Of Things-AQzNkt-DT8w.f136.mp4
[download]   0.0% of 48.09MiB at 22.30KiB/s ETA 36:49
[download]   0.0% of 48.09MiB at 66.32KiB/s ETA 12:22
[download]   0.0% of 48.09MiB at 154.00KiB/s ETA 05:19
[download]   0.0% of 48.09MiB at 328.55KiB/s ETA 02:29
[download]   0.1% of 48.09MiB at 441.48KiB/s ETA 01:51
[download]   0.1% of 48.09MiB at 254.16KiB/s ETA 03:13
[download]   0.3% of 48.09MiB at 189.34KiB/s ETA 04:19
[download]   0.5% of 48.09MiB at 215.63KiB/s ETA 03:47
[download]   1.0% of 48.09MiB at 177.31KiB/s ETA 04:34
[download]   1.3% of 48.09MiB at 191.39KiB/s ETA 04:13
[download]   1.9% of 48.09MiB at 214.80KiB/s ETA 03:45
[download]   2.5% of 48.09MiB at 198.40KiB/s ETA 04:02
[download]   2.8% of 48.09MiB at 189.86KiB/s ETA 04:12
[download]   3.1% of 48.09MiB at 186.72KiB/s ETA 04:15
[download]   3.4% of 48.09MiB at 187.47KiB/s ETA 04:13
[download]   3.8% of 48.09MiB at 187.41KiB/s ETA 04:12
[download]   4.2% of 48.09MiB at 184.50KiB/s ETA 04:15
[download]   4.5% of 48.09MiB at 175.76KiB/s ETA 04:27
[download]   4.8% of 48.09MiB at 175.03KiB/s ETA 04:27
[download]   5.1% of 48.09MiB at 174.21KiB/s ETA 04:28
[download]   5.4% of 48.09MiB at 170.02KiB/s ETA 04:33
[download]   5.7% of 48.09MiB at 169.83KiB/s ETA 04:33
[download]   6.0% of 48.09MiB at 168.00KiB/s ETA 04:35
[download]   6.3% of 48.09MiB at 168.49KiB/s ETA 04:33
[download]   6.7% of 48.09MiB at 169.24KiB/s ETA 04:31
[download]   7.0% of 48.09MiB at 168.84KiB/s ETA 04:31
[download]   7.4% of 48.09MiB at 168.84KiB/s ETA 04:30
[download]   7.7% of 48.09MiB at 169.00KiB/s ETA 04:28
[download]   8.1% of 48.09MiB at 171.96KiB/s ETA 04:23
[download]   8.6% of 48.09MiB at 174.11KiB/s ETA 04:18
[download]   9.0% of 48.09MiB at 176.42KiB/s ETA 04:13
[download]   9.5% of 48.09MiB at 174.06KiB/s ETA 04:15
[download]   9.8% of 48.09MiB at 172.47KiB/s ETA 04:17
[download]  10.1% of 48.09MiB at 172.55KiB/s ETA 04:16
[download]  10.4% of 48.09MiB at 174.89KiB/s ETA 04:12
[download]  11.0% of 48.09MiB at 177.82KiB/s ETA 04:06
[download]  11.5% of 48.09MiB at 177.37KiB/s ETA 04:05
[download]  11.9% of 48.09MiB at 178.29KiB/s ETA 04:03
[download]  12.3% of 48.09MiB at 179.12KiB/s ETA 04:01
[download]  12.7% of 48.09MiB at 181.23KiB/s ETA 03:57
[download]  13.3% of 48.09MiB at 178.61KiB/s ETA 03:59
[download]  13.6% of 48.09MiB at 178.52KiB/s ETA 03:58
[download]  13.9% of 48.09MiB at 180.68KiB/s ETA 03:54
[download]  14.6% of 48.09MiB at 180.42KiB/s ETA 03:53
[download]  15.0% of 48.09MiB at 179.87KiB/s ETA 03:52
[download]  15.3% of 48.09MiB at 178.71KiB/s ETA 03:53
[download]  15.6% of 48.09MiB at 177.47KiB/s ETA 03:54
[download]  15.8% of 48.09MiB at 177.43KiB/s ETA 03:53
[download]  16.2% of 48.09MiB at 178.09KiB/s ETA 03:51
[download]  16.6% of 48.09MiB at 176.58KiB/s ETA 03:52
[download]  16.9% of 48.09MiB at 176.02KiB/s ETA 03:52
[download]  17.2% of 48.09MiB at 176.16KiB/s ETA 03:51
[download]  17.6% of 48.09MiB at 176.23KiB/s ETA 03:50
[download]  17.9% of 48.09MiB at 176.70KiB/s ETA 03:48
[download]  18.4% of 48.09MiB at 177.23KiB/s ETA 03:46
[download]  18.8% of 48.09MiB at 178.35KiB/s ETA 03:44
[download]  19.3% of 48.09MiB at 176.92KiB/s ETA 03:44
[download]  19.5% of 48.09MiB at 176.14KiB/s ETA 03:44
[download]  19.8% of 48.09MiB at 175.72KiB/s ETA 03:44
[download]  20.1% of 48.09MiB at 175.03KiB/s ETA 03:44
[download]  20.4% of 48.09MiB at 175.00KiB/s ETA 03:43
[download]  20.8% of 48.09MiB at 175.06KiB/s ETA 03:42
[download]  21.1% of 48.09MiB at 172.97KiB/s ETA 03:44
[download]  21.3% of 48.09MiB at 173.22KiB/s ETA 03:43
[download]  21.7% of 48.09MiB at 173.11KiB/s ETA 03:42
[download]  22.1% of 48.09MiB at 173.14KiB/s ETA 03:41
[download]  22.4% of 48.09MiB at 174.04KiB/s ETA 03:39
[download]  23.0% of 48.09MiB at 175.59KiB/s ETA 03:36
[download]  23.5% of 48.09MiB at 176.50KiB/s ETA 03:33
[download]  24.0% of 48.09MiB at 177.64KiB/s ETA 03:30
[download]  24.5% of 48.09MiB at 178.22KiB/s ETA 03:28
[download]  25.0% of 48.09MiB at 179.06KiB/s ETA 03:26
[download]  25.5% of 48.09MiB at 179.94KiB/s ETA 03:24
[download]  25.9% of 48.09MiB at 181.68KiB/s ETA 03:20
[download]  26.7% of 48.09MiB at 183.66KiB/s ETA 03:16
[download]  27.3% of 48.09MiB at 184.44KiB/s ETA 03:14
[download]  27.8% of 48.09MiB at 185.46KiB/s ETA 03:11
[download]  28.3% of 48.09MiB at 186.95KiB/s ETA 03:08
[download]  28.9% of 48.09MiB at 188.38KiB/s ETA 03:05
[download]  29.5% of 48.09MiB at 188.82KiB/s ETA 03:03
[download]  30.0% of 48.09MiB at 189.25KiB/s ETA 03:02
[download]  30.4% of 48.09MiB at 189.77KiB/s ETA 03:00
[download]  30.9% of 48.09MiB at 190.05KiB/s ETA 02:59
[download]  31.3% of 48.09MiB at 189.58KiB/s ETA 02:58
[download]  31.6% of 48.09MiB at 189.23KiB/s ETA 02:57
[download]  32.0% of 48.09MiB at 188.46KiB/s ETA 02:57
[download]  32.2% of 48.09MiB at 188.12KiB/s ETA 02:57
[download]  32.6% of 48.09MiB at 187.71KiB/s ETA 02:56
[download]  32.9% of 48.09MiB at 187.41KiB/s ETA 02:56
[download]  33.2% of 48.09MiB at 187.88KiB/s ETA 02:55
[download]  33.7% of 48.09MiB at 188.58KiB/s ETA 02:53
[download]  34.2% of 48.09MiB at 188.13KiB/s ETA 02:52
[download]  34.5% of 48.09MiB at 187.84KiB/s ETA 02:51
[download]  34.9% of 48.09MiB at 187.64KiB/s ETA 02:50
[download]  35.2% of 48.09MiB at 187.71KiB/s ETA 02:49
[download]  35.6% of 48.09MiB at 187.01KiB/s ETA 02:49
[download]  35.9% of 48.09MiB at 186.32KiB/s ETA 02:49
[download]  36.1% of 48.09MiB at 185.65KiB/s ETA 02:49
[download]  36.4% of 48.09MiB at 185.05KiB/s ETA 02:49
[download]  36.7% of 48.09MiB at 185.24KiB/s ETA 02:48
[download]  37.1% of 48.09MiB at 184.74KiB/s ETA 02:47
[download]  37.4% of 48.09MiB at 184.30KiB/s ETA 02:47
[download]  37.7% of 48.09MiB at 183.13KiB/s ETA 02:47
[download]  37.9% of 48.09MiB at 182.71KiB/s ETA 02:47
[download]  38.2% of 48.09MiB at 182.73KiB/s ETA 02:46
[download]  38.5% of 48.09MiB at 181.83KiB/s ETA 02:46
[download]  38.8% of 48.09MiB at 181.60KiB/s ETA 02:46
[download]  39.1% of 48.09MiB at 181.80KiB/s ETA 02:45
[download]  39.5% of 48.09MiB at 182.19KiB/s ETA 02:43
[download]  40.0% of 48.09MiB at 181.89KiB/s ETA 02:42
[download]  40.3% of 48.09MiB at 182.13KiB/s ETA 02:41
[download]  40.7% of 48.09MiB at 182.76KiB/s ETA 02:39
[download]  41.3% of 48.09MiB at 183.52KiB/s ETA 02:37
[download]  41.8% of 48.09MiB at 184.69KiB/s ETA 02:35
[download]  42.6% of 48.09MiB at 185.80KiB/s ETA 02:32
[download]  43.1% of 48.09MiB at 185.57KiB/s ETA 02:30
[download]  43.5% of 48.09MiB at 185.45KiB/s ETA 02:30
[download]  43.8% of 48.09MiB at 185.45KiB/s ETA 02:29
[download]  44.2% of 48.09MiB at 185.21KiB/s ETA 02:28
[download]  44.5% of 48.09MiB at 185.41KiB/s ETA 02:27
[download]  45.0% of 48.09MiB at 183.70KiB/s ETA 02:27
[download]  45.2% of 48.09MiB at 182.82KiB/s ETA 02:27
[download]  45.4% of 48.09MiB at 182.52KiB/s ETA 02:27
[download]  45.6% of 48.09MiB at 182.42KiB/s ETA 02:26
[download]  46.0% of 48.09MiB at 182.24KiB/s ETA 02:25
[download]  46.3% of 48.09MiB at 182.16KiB/s ETA 02:25
[download]  46.7% of 48.09MiB at 181.98KiB/s ETA 02:24
[download]  47.0% of 48.09MiB at 182.25KiB/s ETA 02:23
[download]  47.5% of 48.09MiB at 181.93KiB/s ETA 02:22
[download]  47.8% of 48.09MiB at 181.84KiB/s ETA 02:21
[download]  48.1% of 48.09MiB at 181.01KiB/s ETA 02:21
[download]  48.3% of 48.09MiB at 181.01KiB/s ETA 02:20
[download]  48.7% of 48.09MiB at 180.47KiB/s ETA 02:19
[download]  49.0% of 48.09MiB at 180.52KiB/s ETA 02:19
[download]  49.4% of 48.09MiB at 180.99KiB/s ETA 02:17
[download]  49.9% of 48.09MiB at 180.95KiB/s ETA 02:16
[download]  50.3% of 48.09MiB at 181.08KiB/s ETA 02:15
[download]  50.7% of 48.09MiB at 181.35KiB/s ETA 02:13
[download]  51.1% of 48.09MiB at 181.13KiB/s ETA 02:12
[download]  51.4% of 48.09MiB at 180.82KiB/s ETA 02:12
[download]  51.7% of 48.09MiB at 180.75KiB/s ETA 02:11
[download]  52.1% of 48.09MiB at 180.48KiB/s ETA 02:10
[download]  52.4% of 48.09MiB at 180.44KiB/s ETA 02:09
[download]  52.7% of 48.09MiB at 180.28KiB/s ETA 02:09
[download]  53.1% of 48.09MiB at 180.13KiB/s ETA 02:08
[download]  53.4% of 48.09MiB at 179.79KiB/s ETA 02:07
[download]  53.7% of 48.09MiB at 180.04KiB/s ETA 02:06
[download]  54.2% of 48.09MiB at 179.83KiB/s ETA 02:05
[download]  54.5% of 48.09MiB at 179.90KiB/s ETA 02:04
[download]  54.9% of 48.09MiB at 179.64KiB/s ETA 02:03
[download]  55.2% of 48.09MiB at 179.51KiB/s ETA 02:02
[download]  55.5% of 48.09MiB at 179.06KiB/s ETA 02:02
[download]  55.8% of 48.09MiB at 178.86KiB/s ETA 02:01
[download]  56.0% of 48.09MiB at 178.69KiB/s ETA 02:01
[download]  56.4% of 48.09MiB at 178.34KiB/s ETA 02:00
[download]  56.6% of 48.09MiB at 178.19KiB/s ETA 01:59
[download]  56.9% of 48.09MiB at 177.74KiB/s ETA 01:59
[download]  57.2% of 48.09MiB at 177.42KiB/s ETA 01:58
[download]  57.4% of 48.09MiB at 177.45KiB/s ETA 01:58
[download]  57.8% of 48.09MiB at 177.15KiB/s ETA 01:57
[download]  58.1% of 48.09MiB at 177.09KiB/s ETA 01:56
[download]  58.4% of 48.09MiB at 176.54KiB/s ETA 01:55
[download]  58.7% of 48.09MiB at 176.54KiB/s ETA 01:55
[download]  59.0% of 48.09MiB at 176.52KiB/s ETA 01:54
[download]  59.4% of 48.09MiB at 176.23KiB/s ETA 01:53
[download]  59.6% of 48.09MiB at 176.26KiB/s ETA 01:52
[download]  60.0% of 48.09MiB at 176.00KiB/s ETA 01:51
[download]  60.3% of 48.09MiB at 176.16KiB/s ETA 01:50
[download]  60.7% of 48.09MiB at 176.44KiB/s ETA 01:49
[download]  61.2% of 48.09MiB at 176.17KiB/s ETA 01:48
[download]  61.5% of 48.09MiB at 175.90KiB/s ETA 01:47
[download]  61.8% of 48.09MiB at 176.00KiB/s ETA 01:46
[download]  62.2% of 48.09MiB at 176.28KiB/s ETA 01:45
[download]  62.7% of 48.09MiB at 176.30KiB/s ETA 01:44
[download]  63.0% of 48.09MiB at 176.41KiB/s ETA 01:43
[download]  63.4% of 48.09MiB at 176.57KiB/s ETA 01:42
[download]  63.8% of 48.09MiB at 176.38KiB/s ETA 01:40
[download]  64.1% of 48.09MiB at 176.11KiB/s ETA 01:40
[download]  64.4% of 48.09MiB at 175.88KiB/s ETA 01:39
[download]  64.7% of 48.09MiB at 175.62KiB/s ETA 01:39
[download]  65.0% of 48.09MiB at 175.49KiB/s ETA 01:38
[download]  65.3% of 48.09MiB at 175.19KiB/s ETA 01:37
[download]  65.5% of 48.09MiB at 174.85KiB/s ETA 01:37
[download]  65.8% of 48.09MiB at 175.02KiB/s ETA 01:36
[download]  66.2% of 48.09MiB at 175.08KiB/s ETA 01:34
[download]  66.6% of 48.09MiB at 175.25KiB/s ETA 01:33
[download]  67.0% of 48.09MiB at 175.67KiB/s ETA 01:32
[download]  67.6% of 48.09MiB at 175.80KiB/s ETA 01:30
[download]  68.0% of 48.09MiB at 175.90KiB/s ETA 01:29
[download]  68.4% of 48.09MiB at 175.77KiB/s ETA 01:28
[download]  68.7% of 48.09MiB at 175.86KiB/s ETA 01:27
[download]  69.1% of 48.09MiB at 175.71KiB/s ETA 01:26
[download]  69.4% of 48.09MiB at 175.73KiB/s ETA 01:25
[download]  69.8% of 48.09MiB at 175.66KiB/s ETA 01:24
[download]  70.1% of 48.09MiB at 175.61KiB/s ETA 01:23
[download]  70.4% of 48.09MiB at 175.72KiB/s ETA 01:22
[download]  70.9% of 48.09MiB at 175.87KiB/s ETA 01:21
[download]  71.3% of 48.09MiB at 175.65KiB/s ETA 01:20
[download]  71.6% of 48.09MiB at 175.40KiB/s ETA 01:19
[download]  71.8% of 48.09MiB at 175.36KiB/s ETA 01:19
[download]  72.2% of 48.09MiB at 175.31KiB/s ETA 01:18
[download]  72.5% of 48.09MiB at 175.19KiB/s ETA 01:17
[download]  72.8% of 48.09MiB at 175.26KiB/s ETA 01:16
[download]  73.2% of 48.09MiB at 175.29KiB/s ETA 01:15
[download]  73.6% of 48.09MiB at 175.62KiB/s ETA 01:14
[download]  74.1% of 48.09MiB at 175.47KiB/s ETA 01:12
[download]  74.5% of 48.09MiB at 175.36KiB/s ETA 01:11
[download]  74.8% of 48.09MiB at 175.22KiB/s ETA 01:10
[download]  75.1% of 48.09MiB at 175.30KiB/s ETA 01:10
[download]  75.5% of 48.09MiB at 175.22KiB/s ETA 01:08
[download]  75.8% of 48.09MiB at 175.02KiB/s ETA 01:08
[download]  76.1% of 48.09MiB at 174.86KiB/s ETA 01:07
[download]  76.4% of 48.09MiB at 174.43KiB/s ETA 01:06
[download]  76.6% of 48.09MiB at 174.39KiB/s ETA 01:06
[download]  76.9% of 48.09MiB at 174.06KiB/s ETA 01:05
[download]  77.1% of 48.09MiB at 174.10KiB/s ETA 01:04
[download]  77.5% of 48.09MiB at 173.98KiB/s ETA 01:03
[download]  77.8% of 48.09MiB at 173.91KiB/s ETA 01:02
[download]  78.2% of 48.09MiB at 173.64KiB/s ETA 01:01
[download]  78.4% of 48.09MiB at 173.78KiB/s ETA 01:01
[download]  78.9% of 48.09MiB at 173.71KiB/s ETA 00:59
[download]  79.2% of 48.09MiB at 173.78KiB/s ETA 00:58
[download]  79.6% of 48.09MiB at 173.76KiB/s ETA 00:57
[download]  80.0% of 48.09MiB at 173.97KiB/s ETA 00:56
[download]  80.4% of 48.09MiB at 174.08KiB/s ETA 00:55
[download]  80.8% of 48.09MiB at 173.65KiB/s ETA 00:54
[download]  81.1% of 48.09MiB at 173.03KiB/s ETA 00:53
[download]  81.2% of 48.09MiB at 172.73KiB/s ETA 00:53
[download]  81.4% of 48.09MiB at 172.72KiB/s ETA 00:53
[download]  81.8% of 48.09MiB at 172.81KiB/s ETA 00:52
[download]  82.2% of 48.09MiB at 172.90KiB/s ETA 00:50
[download]  82.5% of 48.09MiB at 172.51KiB/s ETA 00:49
[download]  82.8% of 48.09MiB at 172.35KiB/s ETA 00:49
[download]  83.0% of 48.09MiB at 172.28KiB/s ETA 00:48
[download]  83.4% of 48.09MiB at 172.32KiB/s ETA 00:47
[download]  83.7% of 48.09MiB at 172.28KiB/s ETA 00:46
[download]  84.1% of 48.09MiB at 172.28KiB/s ETA 00:45
[download]  84.4% of 48.09MiB at 172.11KiB/s ETA 00:44
[download]  84.7% of 48.09MiB at 171.97KiB/s ETA 00:43
[download]  85.0% of 48.09MiB at 172.14KiB/s ETA 00:42
[download]  85.5% of 48.09MiB at 172.03KiB/s ETA 00:41
[download]  85.8% of 48.09MiB at 172.18KiB/s ETA 00:40
[download]  86.3% of 48.09MiB at 172.22KiB/s ETA 00:39
[download]  86.6% of 48.09MiB at 171.92KiB/s ETA 00:38
[download]  86.9% of 48.09MiB at 171.67KiB/s ETA 00:37
[download]  87.1% of 48.09MiB at 171.63KiB/s ETA 00:37
[download]  87.4% of 48.09MiB at 171.55KiB/s ETA 00:36
[download]  87.7% of 48.09MiB at 171.50KiB/s ETA 00:35
[download]  88.0% of 48.09MiB at 171.33KiB/s ETA 00:34
[download]  88.3% of 48.09MiB at 171.36KiB/s ETA 00:33
[download]  88.7% of 48.09MiB at 171.54KiB/s ETA 00:32
[download]  89.2% of 48.09MiB at 171.58KiB/s ETA 00:31
[download]  89.5% of 48.09MiB at 171.56KiB/s ETA 00:30
[download]  89.9% of 48.09MiB at 171.63KiB/s ETA 00:29
[download]  90.2% of 48.09MiB at 171.64KiB/s ETA 00:27
[download]  90.6% of 48.09MiB at 171.25KiB/s ETA 00:27
[download]  90.8% of 48.09MiB at 171.17KiB/s ETA 00:26
[download]  91.1% of 48.09MiB at 171.16KiB/s ETA 00:25
[download]  91.5% of 48.09MiB at 171.29KiB/s ETA 00:24
[download]  91.9% of 48.09MiB at 171.51KiB/s ETA 00:23
[download]  92.4% of 48.09MiB at 171.68KiB/s ETA 00:21
[download]  92.8% of 48.09MiB at 171.80KiB/s ETA 00:20
[download]  93.2% of 48.09MiB at 171.80KiB/s ETA 00:19
[download]  93.6% of 48.09MiB at 171.57KiB/s ETA 00:18
[download]  93.8% of 48.09MiB at 171.32KiB/s ETA 00:17
[download]  94.0% of 48.09MiB at 171.13KiB/s ETA 00:17
[download]  94.3% of 48.09MiB at 170.29KiB/s ETA 00:16
[download]  94.4% of 48.09MiB at 169.93KiB/s ETA 00:16
[download]  94.5% of 48.09MiB at 169.84KiB/s ETA 00:15
[download]  94.8% of 48.09MiB at 169.72KiB/s ETA 00:15
[download]  95.1% of 48.09MiB at 169.70KiB/s ETA 00:14
[download]  95.4% of 48.09MiB at 169.51KiB/s ETA 00:13
[download]  95.6% of 48.09MiB at 169.18KiB/s ETA 00:12
[download]  95.8% of 48.09MiB at 168.91KiB/s ETA 00:12
[download]  96.0% of 48.09MiB at 168.73KiB/s ETA 00:11
[download]  96.3% of 48.09MiB at 168.74KiB/s ETA 00:10
[download]  96.6% of 48.09MiB at 168.65KiB/s ETA 00:09
[download]  96.9% of 48.09MiB at 168.76KiB/s ETA 00:09
[download]  97.3% of 48.09MiB at 168.91KiB/s ETA 00:07
[download]  97.8% of 48.09MiB at 168.97KiB/s ETA 00:06
[download]  98.1% of 48.09MiB at 169.06KiB/s ETA 00:05
[download]  98.5% of 48.09MiB at 169.16KiB/s ETA 00:04
[download]  98.9% of 48.09MiB at 169.14KiB/s ETA 00:03
[download]  99.3% of 48.09MiB at 169.36KiB/s ETA 00:02
[download]  99.8% of 48.09MiB at 169.92KiB/s ETA 00:00
[download] 100.0% of 48.09MiB at 170.09KiB/s ETA 00:00
[download] 100% of 48.09MiB in 04:49
[download] Destination: Sally Field Is A Lot Of Things-AQzNkt-DT8w.f251.webm
[download]   0.0% of 4.78MiB at  5.12KiB/s ETA 15:54
[download]   0.1% of 4.78MiB at 15.35KiB/s ETA 05:18
[download]   0.1% of 4.78MiB at 35.78KiB/s ETA 02:16
[download]   0.3% of 4.78MiB at 76.61KiB/s ETA 01:03
[download]   0.6% of 4.78MiB at 127.36KiB/s ETA 00:38
[download]   1.3% of 4.78MiB at 185.90KiB/s ETA 00:25
[download]   2.6% of 4.78MiB at 172.13KiB/s ETA 00:27
[download]   5.2% of 4.78MiB at 242.41KiB/s ETA 00:19
[download]  10.4% of 4.78MiB at 203.24KiB/s ETA 00:21
[download]  14.0% of 4.78MiB at 192.39KiB/s ETA 00:21
[download]  17.4% of 4.78MiB at 186.48KiB/s ETA 00:21
[download]  20.8% of 4.78MiB at 181.03KiB/s ETA 00:21
[download]  24.0% of 4.78MiB at 165.20KiB/s ETA 00:22
[download]  26.2% of 4.78MiB at 161.42KiB/s ETA 00:22
[download]  28.8% of 4.78MiB at 161.72KiB/s ETA 00:21
[download]  32.2% of 4.78MiB at 158.85KiB/s ETA 00:20
[download]  35.0% of 4.78MiB at 153.29KiB/s ETA 00:20
[download]  37.2% of 4.78MiB at 154.12KiB/s ETA 00:19
[download]  40.7% of 4.78MiB at 154.12KiB/s ETA 00:18
[download]  43.8% of 4.78MiB at 152.89KiB/s ETA 00:17
[download]  46.7% of 4.78MiB at 151.35KiB/s ETA 00:17
[download]  49.3% of 4.78MiB at 153.25KiB/s ETA 00:16
[download]  53.4% of 4.78MiB at 153.94KiB/s ETA 00:14
[download]  56.7% of 4.78MiB at 150.15KiB/s ETA 00:14
[download]  58.9% of 4.78MiB at 150.21KiB/s ETA 00:13
[download]  62.0% of 4.78MiB at 149.17KiB/s ETA 00:12
[download]  64.7% of 4.78MiB at 148.90KiB/s ETA 00:11
[download]  67.6% of 4.78MiB at 148.54KiB/s ETA 00:10
[download]  70.5% of 4.78MiB at 149.30KiB/s ETA 00:09
[download]  74.0% of 4.78MiB at 149.89KiB/s ETA 00:08
[download]  77.3% of 4.78MiB at 150.44KiB/s ETA 00:07
[download]  80.6% of 4.78MiB at 151.09KiB/s ETA 00:06
[download]  84.1% of 4.78MiB at 152.64KiB/s ETA 00:05
[download]  88.2% of 4.78MiB at 154.90KiB/s ETA 00:03
[download]  92.7% of 4.78MiB at 154.84KiB/s ETA 00:02
[download]  95.9% of 4.78MiB at 155.96KiB/s ETA 00:01
[download]  99.9% of 4.78MiB at 157.56KiB/s ETA 00:00
[download] 100.0% of 4.78MiB at 157.67KiB/s ETA 00:00
[download] 100% of 4.78MiB in 00:31
[ffmpeg] Merging formats into "Sally Field Is A Lot Of Things-AQzNkt-DT8w.mkv"
Deleting original file Sally Field Is A Lot Of Things-AQzNkt-DT8w.f136.mp4 (pass -k to keep)
Deleting original file Sally Field Is A Lot Of Things-AQzNkt-DT8w.f251.webm (pass -k to keep)
[download] Downloading video 5 of 7
[youtube] W3dT4vTIa7M: Downloading webpage
[youtube] W3dT4vTIa7M: Downloading video info webpage
[youtube] W3dT4vTIa7M: Extracting video information
[youtube] W3dT4vTIa7M: Downloading MPD manifest
[info] Writing video description metadata as JSON to: Jerrod Carmichael Didn't Endorse Donald Trump, Exactly-W3dT4vTIa7M.info.json
[download] Destination: Jerrod Carmichael Didn't Endorse Donald Trump, Exactly-W3dT4vTIa7M.f136.mp4
[download]   0.0% of 89.29MiB at 18.45KiB/s ETA 01:22:40
[download]   0.0% of 89.29MiB at 54.97KiB/s ETA 27:43
[download]   0.0% of 89.29MiB at 127.66KiB/s ETA 11:56
[download]   0.0% of 89.29MiB at 272.44KiB/s ETA 05:35
[download]   0.0% of 89.29MiB at 136.54KiB/s ETA 11:09
[download]   0.1% of 89.29MiB at 276.83KiB/s ETA 05:30
[download]   0.1% of 89.29MiB at 238.22KiB/s ETA 06:23
[download]   0.3% of 89.29MiB at 191.12KiB/s ETA 07:57
[download]   0.5% of 89.29MiB at 160.87KiB/s ETA 09:25
[download]   0.6% of 89.29MiB at 151.54KiB/s ETA 09:59
[download]   0.7% of 89.29MiB at 153.17KiB/s ETA 09:52
[download]   0.9% of 89.29MiB at 155.21KiB/s ETA 09:43
[download]   1.1% of 89.29MiB at 148.34KiB/s ETA 10:09
[download]   1.2% of 89.29MiB at 151.77KiB/s ETA 09:55
[download]   1.4% of 89.29MiB at 164.56KiB/s ETA 09:07
[download]   1.8% of 89.29MiB at 190.48KiB/s ETA 07:51
[download]   2.3% of 89.29MiB at 219.59KiB/s ETA 06:46
