[ZDF] 257404: Downloading video info
[ZDF] 257404: Downloading SMIL file
[ZDF] 257404: Downloading f4m manifest
[ZDF] 257404: Downloading m3u8 information
[info] Writing video description metadata as JSON to: heute Xpress-257404.info.json
[download] Destination: heute Xpress-257404.flv
[download] 64.00KiB at Unknown speed (00:02)
[download]   0.4% of ~46.88MiB at Unknown speed ETA Unknown ETA
[download]   0.5% of ~50.00MiB at 18.79KiB/s ETA 56:28
[download]   1.0% of ~37.50MiB at 51.40KiB/s ETA 10:16
[download]   1.3% of ~38.46MiB at 77.88KiB/s ETA 07:30
[download]   1.8% of ~34.72MiB at 103.21KiB/s ETA 05:04
[download]   2.1% of ~35.71MiB at 121.19KiB/s ETA 04:33
[download]   2.5% of ~35.00MiB at 135.81KiB/s ETA 04:00
[download]   2.7% of ~37.04MiB at 153.04KiB/s ETA 03:49
[download]   2.9% of ~36.64MiB at 155.45KiB/s ETA 03:43
[download]   3.1% of ~38.31MiB at 170.92KiB/s ETA 03:35
[download]   3.3% of ~37.88MiB at 168.54KiB/s ETA 03:35
[download]   3.8% of ~36.18MiB at 181.77KiB/s ETA 03:09
[download]   4.1% of ~35.06MiB at 182.43KiB/s ETA 03:01
[download]   4.3% of ~37.15MiB at 195.03KiB/s ETA 03:01
[download]   4.4% of ~37.73MiB at 197.78KiB/s ETA 03:02
[download]   4.8% of ~37.19MiB at 208.78KiB/s ETA 02:49
[download]   5.0% of ~36.95MiB at 210.05KiB/s ETA 02:47
[download]   5.3% of ~36.04MiB at 209.93KiB/s ETA 02:42
[download]   5.5% of ~37.00MiB at 218.90KiB/s ETA 02:40
[download]   5.7% of ~36.80MiB at 220.56KiB/s ETA 02:37
[download]   5.8% of ~37.24MiB at 219.17KiB/s ETA 02:40
[download]   6.2% of ~35.85MiB at 220.92KiB/s ETA 02:32
[download]   6.6% of ~35.57MiB at 228.58KiB/s ETA 02:25
[download]   6.7% of ~35.97MiB at 229.99KiB/s ETA 02:26
[download]   6.9% of ~35.83MiB at 229.74KiB/s ETA 02:25
[download]   7.0% of ~36.21MiB at 229.03KiB/s ETA 02:27
[download]   7.3% of ~36.44MiB at 236.68KiB/s ETA 02:23
[download]   7.6% of ~35.82MiB at 236.22KiB/s ETA 02:21
[download]   8.0% of ~35.59MiB at 238.97KiB/s ETA 02:17
[download]   8.4% of ~35.39MiB at 244.04KiB/s ETA 02:13
[download]   8.7% of ~35.60MiB at 253.69KiB/s ETA 02:09
[download]   8.9% of ~35.51MiB at 247.95KiB/s ETA 02:11
[download]   9.4% of ~36.12MiB at 260.24KiB/s ETA 02:07
[download]   9.9% of ~35.56MiB at 264.27KiB/s ETA 02:02
[download]  10.2% of ~35.74MiB at 267.05KiB/s ETA 02:01
[download]  10.6% of ~35.57MiB at 271.13KiB/s ETA 01:58
[download]  11.0% of ~35.41MiB at 274.71KiB/s ETA 01:56
[download]  11.3% of ~36.13MiB at 281.75KiB/s ETA 01:55
[download]  11.8% of ~35.91MiB at 288.37KiB/s ETA 01:51
[download]  12.0% of ~35.83MiB at 286.55KiB/s ETA 01:51
[download]  12.6% of ~35.12MiB at 288.24KiB/s ETA 01:47
[download]  12.8% of ~35.06MiB at 288.01KiB/s ETA 01:47
[download]  13.1% of ~35.21MiB at 289.40KiB/s ETA 01:47
[download]  13.3% of ~35.15MiB at 289.08KiB/s ETA 01:46
[download]  13.4% of ~35.35MiB at 289.24KiB/s ETA 01:47
[download]  13.8% of ~34.78MiB at 288.10KiB/s ETA 01:45
[download]  14.1% of ~34.93MiB at 292.23KiB/s ETA 01:44
[download]  14.2% of ~35.12MiB at 290.14KiB/s ETA 01:45
[download]  14.5% of ~35.26MiB at 293.90KiB/s ETA 01:44
[download]  14.7% of ~35.20MiB at 293.72KiB/s ETA 01:43
[download]  14.8% of ~35.39MiB at 292.41KiB/s ETA 01:44
[download]  15.1% of ~35.51MiB at 296.04KiB/s ETA 01:43
[download]  15.3% of ~35.45MiB at 295.60KiB/s ETA 01:43
[download]  15.5% of ~35.40MiB at 295.73KiB/s ETA 01:42
[download]  15.7% of ~35.35MiB at 293.97KiB/s ETA 01:42
[download]  16.0% of ~35.47MiB at 294.91KiB/s ETA 01:42
[download]  16.4% of ~35.36MiB at 298.25KiB/s ETA 01:40
[download]  16.6% of ~35.31MiB at 298.39KiB/s ETA 01:40
[download]  16.8% of ~35.27MiB at 298.17KiB/s ETA 01:39
[download]  17.0% of ~35.22MiB at 298.09KiB/s ETA 01:39
[download]  17.2% of ~35.17MiB at 296.88KiB/s ETA 01:39
[download]  17.5% of ~35.28MiB at 297.21KiB/s ETA 01:39
[download]  17.8% of ~35.39MiB at 296.53KiB/s ETA 01:39
[download]  18.2% of ~35.30MiB at 298.46KiB/s ETA 01:38
[download]  18.6% of ~35.55MiB at 302.58KiB/s ETA 01:37
[download]  18.9% of ~35.59MiB at 304.75KiB/s ETA 01:36
[download]  19.1% of ~35.55MiB at 302.87KiB/s ETA 01:36
[download]  19.4% of ~35.64MiB at 303.42KiB/s ETA 01:36
[download]  19.8% of ~35.55MiB at 305.06KiB/s ETA 01:35
[download]  20.1% of ~35.33MiB at 303.59KiB/s ETA 01:34
[download]  20.5% of ~35.56MiB at 308.75KiB/s ETA 01:33
[download]  21.0% of ~35.31MiB at 311.32KiB/s ETA 01:31
[download]  21.4% of ~35.23MiB at 313.94KiB/s ETA 01:29
[download]  21.7% of ~35.45MiB at 315.63KiB/s ETA 01:29
[download]  22.3% of ~35.34MiB at 319.75KiB/s ETA 01:27
[download]  22.8% of ~35.39MiB at 324.59KiB/s ETA 01:25
[download]  23.1% of ~35.47MiB at 326.58KiB/s ETA 01:25
[download]  23.5% of ~35.40MiB at 327.76KiB/s ETA 01:24
[download]  24.1% of ~35.29MiB at 331.27KiB/s ETA 01:22
[download]  24.5% of ~35.23MiB at 332.42KiB/s ETA 01:21
[download]  25.1% of ~35.25MiB at 337.82KiB/s ETA 01:19
[download]  25.5% of ~35.18MiB at 339.60KiB/s ETA 01:18
[download]  25.7% of ~35.15MiB at 338.69KiB/s ETA 01:18
[download]  26.2% of ~35.20MiB at 341.96KiB/s ETA 01:17
[download]  26.6% of ~35.14MiB at 343.78KiB/s ETA 01:16
[download]  26.8% of ~35.34MiB at 344.42KiB/s ETA 01:16
[download]  27.3% of ~35.15MiB at 345.67KiB/s ETA 01:15
[download]  27.7% of ~35.10MiB at 346.59KiB/s ETA 01:14
[download]  27.8% of ~35.20MiB at 344.87KiB/s ETA 01:15
[download]  28.2% of ~35.14MiB at 345.02KiB/s ETA 01:14
[download]  28.6% of ~35.09MiB at 343.55KiB/s ETA 01:14
[download]  28.8% of ~35.06MiB at 341.96KiB/s ETA 01:14
[download]  29.0% of ~35.25MiB at 343.43KiB/s ETA 01:14
[download]  29.1% of ~35.34MiB at 341.94KiB/s ETA 01:14
[download]  29.4% of ~35.19MiB at 339.39KiB/s ETA 01:14
[download]  29.7% of ~35.47MiB at 343.08KiB/s ETA 01:14
[download]  30.0% of ~35.32MiB at 342.69KiB/s ETA 01:13
[download]  30.2% of ~35.30MiB at 340.88KiB/s ETA 01:13
[download]  30.5% of ~35.15MiB at 339.31KiB/s ETA 01:13
[download]  30.8% of ~35.22MiB at 338.98KiB/s ETA 01:13
[download]  31.2% of ~35.17MiB at 339.68KiB/s ETA 01:12



