[streamcloud.eu] awj41hqtpklv: Downloading webpage
[streamcloud.eu] awj41hqtpklv: Waiting for 12 seconds
[streamcloud.eu] awj41hqtpklv: Downloading video page ...
[info] Writing video description metadata as JSON to: itg-simpsons-s25e11-awj41hqtpklv.info.json
[download] Destination: itg-simpsons-s25e11-awj41hqtpklv.mp4
[download]   0.0% of 58.62MiB at Unknown speed ETA Unknown ETA
[download]   0.0% of 58.62MiB at 793.22KiB/s ETA 01:16
[download]   0.0% of 58.62MiB at  1.22MiB/s ETA 00:48
[download]   0.0% of 58.62MiB at 217.58KiB/s ETA 04:35
[download]   0.1% of 58.62MiB at 366.50KiB/s ETA 02:43
[download]   0.1% of 58.62MiB at 422.80KiB/s ETA 02:21
[download]   0.2% of 58.62MiB at 568.71KiB/s ETA 01:45
[download]   0.4% of 58.62MiB at 744.12KiB/s ETA 01:20
[download]   0.9% of 58.62MiB at 726.49KiB/s ETA 01:21
[download]   1.7% of 58.62MiB at 1005.97KiB/s ETA 00:58
[download]   3.4% of 58.62MiB at 991.33KiB/s ETA 00:58
[download]   5.0% of 58.62MiB at  1.07MiB/s ETA 00:52
[download]   7.4% of 58.62MiB at  1.08MiB/s ETA 00:50
[download]   9.2% of 58.62MiB at  1.10MiB/s ETA 00:48
[download]  11.3% of 58.62MiB at  1.08MiB/s ETA 00:47
[download]  13.0% of 58.62MiB at  1.08MiB/s ETA 00:47
[download]  14.8% of 58.62MiB at  1.09MiB/s ETA 00:45
[download]  16.8% of 58.62MiB at  1.03MiB/s ETA 00:47
[download]  18.0% of 58.62MiB at 940.64KiB/s ETA 00:52
[download]  18.7% of 58.62MiB at 929.58KiB/s ETA 00:52
[download]  19.8% of 58.62MiB at 938.03KiB/s ETA 00:51
[download]  21.7% of 58.62MiB at 917.23KiB/s ETA 00:51
[download]  22.9% of 58.62MiB at 896.16KiB/s ETA 00:51
[download]  24.0% of 58.62MiB at 899.41KiB/s ETA 00:50
[download]  25.6% of 58.62MiB at 913.99KiB/s ETA 00:48
[download]  27.6% of 58.62MiB at 691.56KiB/s ETA 01:02
[download]  28.6% of 58.62MiB at 504.87KiB/s ETA 01:24
[download]  29.1% of 58.62MiB at 507.30KiB/s ETA 01:23
[download]  30.1% of 58.62MiB at 451.28KiB/s ETA 01:33
[download]  30.6% of 58.62MiB at 405.21KiB/s ETA 01:42
[download]  30.8% of 58.62MiB at 406.05KiB/s ETA 01:42
[download]  31.3% of 58.62MiB at 410.77KiB/s ETA 01:40
[download]  32.3% of 58.62MiB at 375.59KiB/s ETA 01:48
[download]  32.8% of 58.62MiB at 348.19KiB/s ETA 01:55
[download]  33.1% of 58.62MiB at 349.07KiB/s ETA 01:55
[download]  33.6% of 58.62MiB at 323.30KiB/s ETA 02:03
[download]  33.8% of 58.62MiB at 324.95KiB/s ETA 02:02
[download]  34.3% of 58.62MiB at 327.80KiB/s ETA 02:00
[download]  35.3% of 58.62MiB at 308.89KiB/s ETA 02:05
[download]  35.8% of 58.62MiB at 289.58KiB/s ETA 02:13
[download]  36.1% of 58.62MiB at 290.99KiB/s ETA 02:11
[download]  36.6% of 58.62MiB at 274.33KiB/s ETA 02:18
[download]  36.8% of 58.62MiB at 275.66KiB/s ETA 02:17
[download]  37.3% of 58.62MiB at 278.51KiB/s ETA 02:15
[download]  38.3% of 58.62MiB at 266.86KiB/s ETA 02:18
[download]  38.8% of 58.62MiB at 253.02KiB/s ETA 02:25
[download]  39.1% of 58.62MiB at 254.64KiB/s ETA 02:23
[download]  39.6% of 58.62MiB at 242.48KiB/s ETA 02:29
[download]  39.8% of 58.62MiB at 243.06KiB/s ETA 02:28
[download]  40.3% of 58.62MiB at 244.73KiB/s ETA 02:26
[download]  41.2% of 58.62MiB at 237.02KiB/s ETA 02:28
[download]  41.7% of 58.62MiB at 226.61KiB/s ETA 02:34
[download]  41.9% of 58.62MiB at 227.61KiB/s ETA 02:33
[download]  42.4% of 58.62MiB at 229.38KiB/s ETA 02:30
[download]  43.3% of 58.62MiB at 221.67KiB/s ETA 02:33
[download]  43.7% of 58.62MiB at 223.24KiB/s ETA 02:31
[download]  44.6% of 58.62MiB at 216.28KiB/s ETA 02:33
[download]  45.1% of 58.62MiB at 208.47KiB/s ETA 02:38
[download]  45.3% of 58.62MiB at 209.22KiB/s ETA 02:36
[download]  45.7% of 58.62MiB at 210.90KiB/s ETA 02:34
[download]  46.6% of 58.62MiB at 205.12KiB/s ETA 02:36
[download]  47.1% of 58.62MiB at 198.40KiB/s ETA 02:40
[download]  47.3% of 58.62MiB at 199.15KiB/s ETA 02:38
[download]  47.8% of 58.62MiB at 200.70KiB/s ETA 02:36
[download]  48.7% of 58.62MiB at 195.46KiB/s ETA 02:37
[download]  49.1% of 58.62MiB at 196.88KiB/s ETA 02:35
[download]  50.0% of 58.62MiB at 192.04KiB/s ETA 02:36
[download]  50.5% of 58.62MiB at 186.86KiB/s ETA 02:39
[download]  50.7% of 58.62MiB at 187.47KiB/s ETA 02:37
[download]  51.1% of 58.62MiB at 188.86KiB/s ETA 02:35
[download]  52.0% of 58.62MiB at 185.14KiB/s ETA 02:35
[download]  52.5% of 58.62MiB at 180.23KiB/s ETA 02:38
[download]  52.7% of 58.62MiB at 180.55KiB/s ETA 02:37
[download]  53.2% of 58.62MiB at 181.68KiB/s ETA 02:34
[download]  54.1% of 58.62MiB at 178.72KiB/s ETA 02:34
[download]  54.5% of 58.62MiB at 180.00KiB/s ETA 02:31
[download]  55.4% of 58.62MiB at 175.81KiB/s ETA 02:32
[download]  55.9% of 58.62MiB at 172.66KiB/s ETA 02:33
[download]  56.1% of 58.62MiB at 173.22KiB/s ETA 02:32
[download]  56.5% of 58.62MiB at 174.41KiB/s ETA 02:29
[download]  57.4% of 58.62MiB at 171.81KiB/s ETA 02:28
[download]  57.9% of 58.62MiB at 168.00KiB/s ETA 02:30
[download]  58.1% of 58.62MiB at 168.30KiB/s ETA 02:29
[download]  58.6% of 58.62MiB at 169.09KiB/s ETA 02:27
[download]  59.3% of 58.62MiB at 166.69KiB/s ETA 02:26
[download]  59.6% of 58.62MiB at 167.55KiB/s ETA 02:24
[download]  60.4% of 58.62MiB at 164.89KiB/s ETA 02:24
[download]  60.7% of 58.62MiB at 165.77KiB/s ETA 02:22
[download]  61.5% of 58.62MiB at 163.02KiB/s ETA 02:21
[download]  61.8% of 58.62MiB at 163.83KiB/s ETA 02:19
[download]  62.6% of 58.62MiB at 161.24KiB/s ETA 02:19
[download]  62.9% of 58.62MiB at 162.06KiB/s ETA 02:17
[download]  63.6% of 58.62MiB at 159.81KiB/s ETA 02:16
[download]  64.0% of 58.62MiB at 160.60KiB/s ETA 02:14
[download]  64.7% of 58.62MiB at 158.19KiB/s ETA 02:13
[download]  65.1% of 58.62MiB at 159.07KiB/s ETA 02:11
[download]  65.8% of 58.62MiB at 156.73KiB/s ETA 02:10
[download]  66.2% of 58.62MiB at 157.40KiB/s ETA 02:08
[download]  66.9% of 58.62MiB at 155.46KiB/s ETA 02:07
[download]  67.3% of 58.62MiB at 156.18KiB/s ETA 02:05
[download]  68.0% of 58.62MiB at 154.21KiB/s ETA 02:04
[download]  68.4% of 58.62MiB at 154.95KiB/s ETA 02:02
[download]  69.1% of 58.62MiB at 152.86KiB/s ETA 02:01
[download]  69.5% of 58.62MiB at 153.52KiB/s ETA 01:59
[download]  70.2% of 58.62MiB at 151.75KiB/s ETA 01:57
[download]  70.5% of 58.62MiB at 152.42KiB/s ETA 01:56
[download]  71.3% of 58.62MiB at 150.68KiB/s ETA 01:54
[download]  71.6% of 58.62MiB at 151.37KiB/s ETA 01:52
[download]  72.4% of 58.62MiB at 149.29KiB/s ETA 01:51
[download]  72.7% of 58.62MiB at 149.64KiB/s ETA 01:49
[download]  73.2% of 58.62MiB at 148.00KiB/s ETA 01:48
[download]  73.4% of 58.62MiB at 148.12KiB/s ETA 01:47
[download]  73.8% of 58.62MiB at 148.45KiB/s ETA 01:46
[download]  74.2% of 58.62MiB at 147.04KiB/s ETA 01:45
[download]  74.5% of 58.62MiB at 147.36KiB/s ETA 01:43
[download]  75.0% of 58.62MiB at 148.07KiB/s ETA 01:41
[download]  75.9% of 58.62MiB at 146.82KiB/s ETA 01:38
[download]  76.3% of 58.62MiB at 147.49KiB/s ETA 01:36
[download]  77.2% of 58.62MiB at 146.12KiB/s ETA 01:33
[download]  77.7% of 58.62MiB at 144.56KiB/s ETA 01:32
[download]  77.9% of 58.62MiB at 144.84KiB/s ETA 01:31
[download]  78.4% of 58.62MiB at 145.28KiB/s ETA 01:29
[download]  78.9% of 58.62MiB at 143.90KiB/s ETA 01:28
[download]  79.2% of 58.62MiB at 144.26KiB/s ETA 01:26
[download]  79.7% of 58.62MiB at 145.00KiB/s ETA 01:24
[download]  80.7% of 58.62MiB at 143.86KiB/s ETA 01:20
[download]  81.2% of 58.62MiB at 142.59KiB/s ETA 01:19
[download]  81.5% of 58.62MiB at 142.98KiB/s ETA 01:17
[download]  82.0% of 58.62MiB at 141.35KiB/s ETA 01:16
[download]  82.3% of 58.62MiB at 141.57KiB/s ETA 01:15
[download]  82.7% of 58.62MiB at 142.25KiB/s ETA 01:12
[download]  83.6% of 58.62MiB at 141.49KiB/s ETA 01:09
[download]  84.1% of 58.62MiB at 139.92KiB/s ETA 01:08
[download]  84.3% of 58.62MiB at 140.23KiB/s ETA 01:07
[download]  84.8% of 58.62MiB at 140.79KiB/s ETA 01:04
[download]  85.7% of 58.62MiB at 139.91KiB/s ETA 01:01
[download]  86.1% of 58.62MiB at 140.57KiB/s ETA 00:59
[download]  87.0% of 58.62MiB at 139.47KiB/s ETA 00:55
[download]  87.5% of 58.62MiB at 138.13KiB/s ETA 00:54
[download]  87.7% of 58.62MiB at 138.25KiB/s ETA 00:53
[download]  88.0% of 58.62MiB at 138.67KiB/s ETA 00:51
[download]  88.7% of 58.62MiB at 137.19KiB/s ETA 00:49
[download]  89.1% of 58.62MiB at 137.20KiB/s ETA 00:47
[download]  89.3% of 58.62MiB at 137.30KiB/s ETA 00:46
[download]  89.6% of 58.62MiB at 136.78KiB/s ETA 00:45
[download]  89.8% of 58.62MiB at 136.24KiB/s ETA 00:44
[download]  89.9% of 58.62MiB at 136.36KiB/s ETA 00:44
[download]  90.0% of 58.62MiB at 136.51KiB/s ETA 00:43
[download]  90.4% of 58.62MiB at 136.77KiB/s ETA 00:42
[download]  90.8% of 58.62MiB at 136.43KiB/s ETA 00:40
[download]  91.1% of 58.62MiB at 136.28KiB/s ETA 00:39
[download]  91.2% of 58.62MiB at 135.83KiB/s ETA 00:38
[download]  91.3% of 58.62MiB at 135.48KiB/s ETA 00:38
[download]  91.4% of 58.62MiB at 135.30KiB/s ETA 00:38
[download]  91.5% of 58.62MiB at 134.95KiB/s ETA 00:38
[download]  91.5% of 58.62MiB at 134.99KiB/s ETA 00:37
[download]  91.6% of 58.62MiB at 134.89KiB/s ETA 00:37
[download]  91.7% of 58.62MiB at 134.71KiB/s ETA 00:36
[download]  91.9% of 58.62MiB at 134.84KiB/s ETA 00:36
[download]  92.1% of 58.62MiB at 134.90KiB/s ETA 00:35
[download]  92.4% of 58.62MiB at 135.08KiB/s ETA 00:33
[download]  92.8% of 58.62MiB at 135.10KiB/s ETA 00:32
[download]  93.0% of 58.62MiB at 135.12KiB/s ETA 00:31
[download]  93.3% of 58.62MiB at 134.83KiB/s ETA 00:30
[download]  93.4% of 58.62MiB at 134.43KiB/s ETA 00:29
[download]  93.4% of 58.62MiB at 134.49KiB/s ETA 00:29
[download]  93.6% of 58.62MiB at 134.64KiB/s ETA 00:28
[download]  93.9% of 58.62MiB at 134.67KiB/s ETA 00:27
[download]  94.1% of 58.62MiB at 134.52KiB/s ETA 00:26
[download]  94.3% of 58.62MiB at 134.55KiB/s ETA 00:25
[download]  94.5% of 58.62MiB at 134.47KiB/s ETA 00:24
[download]  94.7% of 58.62MiB at 134.52KiB/s ETA 00:23
[download]  95.0% of 58.62MiB at 134.20KiB/s ETA 00:22
[download]  95.1% of 58.62MiB at 134.32KiB/s ETA 00:21
[download]  95.4% of 58.62MiB at 134.07KiB/s ETA 00:20
[download]  95.5% of 58.62MiB at 134.19KiB/s ETA 00:19
[download]  95.8% of 58.62MiB at 134.08KiB/s ETA 00:18
[download]  96.0% of 58.62MiB at 133.74KiB/s ETA 00:18
[download]  96.1% of 58.62MiB at 133.80KiB/s ETA 00:17
[download]  96.3% of 58.62MiB at 133.94KiB/s ETA 00:16
[download]  96.6% of 58.62MiB at 133.79KiB/s ETA 00:15
[download]  96.8% of 58.62MiB at 133.93KiB/s ETA 00:14
[download]  97.2% of 58.62MiB at 134.04KiB/s ETA 00:12
[download]  97.5% of 58.62MiB at 133.05KiB/s ETA 00:11
[download]  97.6% of 58.62MiB at 133.13KiB/s ETA 00:10
[download]  97.9% of 58.62MiB at 132.78KiB/s ETA 00:09
[download]  98.0% of 58.62MiB at 132.97KiB/s ETA 00:08
[download]  98.3% of 58.62MiB at 132.92KiB/s ETA 00:07
[download]  98.5% of 58.62MiB at 132.41KiB/s ETA 00:06
[download]  98.6% of 58.62MiB at 132.45KiB/s ETA 00:06
[download]  98.8% of 58.62MiB at 132.58KiB/s ETA 00:05
[download]  99.2% of 58.62MiB at 132.81KiB/s ETA 00:03
[download]  99.6% of 58.62MiB at 132.90KiB/s ETA 00:01
[download]  99.9% of 58.62MiB at 132.32KiB/s ETA 00:00
[download] 100.0% of 58.62MiB at 132.24KiB/s ETA 00:00
[download] 100% of 58.62MiB in 07:33
